[backblue.gif]
[fade.gif]
[index.html]
[demo.awaikenthemes.com/html-preview/medipro/images/favicon.png]
[fonts.googleapis.com/index.html]
[www.youtube.com/watch60d8.html]
[demo.awaikenthemes.com/html-preview/medipro/images/hero-img-1.jpg]
[demo.awaikenthemes.com/html-preview/medipro/images/hero-img-2.jpg]
[demo.awaikenthemes.com/html-preview/medipro/images/about-img-1.jpg]
[demo.awaikenthemes.com/html-preview/medipro/images/about-img-2.jpg]
[demo.awaikenthemes.com/html-preview/medipro/images/about-video-img.jpg]
[demo.awaikenthemes.com/html-preview/medipro/images/home-faq-img.jpg]
[demo.awaikenthemes.com/html-preview/medipro/images/author-1.jpg]
[demo.awaikenthemes.com/html-preview/medipro/images/author-2.jpg]
[demo.awaikenthemes.com/html-preview/medipro/images/author-3.jpg]
[demo.awaikenthemes.com/html-preview/medipro/images/author-4.jpg]
[demo.awaikenthemes.com/html-preview/medipro/images/post-1.jpg]
[demo.awaikenthemes.com/html-preview/medipro/images/post-2.jpg]
[demo.awaikenthemes.com/html-preview/medipro/images/post-3.jpg]
[demo.awaikenthemes.com/html-preview/medipro/images/contact-us-img.png]
[demo.awaikenthemes.com/html-preview/medipro/js/jquery-3.7.1.min.js]
[demo.awaikenthemes.com/html-preview/medipro/js/bootstrap.min.js]
[demo.awaikenthemes.com/html-preview/medipro/js/validator.min.js]
[demo.awaikenthemes.com/html-preview/medipro/js/jquery.slicknav.js]
[demo.awaikenthemes.com/html-preview/medipro/js/swiper-bundle.min.js]
[demo.awaikenthemes.com/html-preview/medipro/js/jquery.waypoints.min.js]
[demo.awaikenthemes.com/html-preview/medipro/js/jquery.counterup.min.js]
[demo.awaikenthemes.com/html-preview/medipro/js/jquery.magnific-popup.min.js]
[demo.awaikenthemes.com/html-preview/medipro/js/SmoothScroll.js]
[demo.awaikenthemes.com/html-preview/medipro/js/parallaxie.js]
[demo.awaikenthemes.com/html-preview/medipro/js/gsap.min.js]
[demo.awaikenthemes.com/html-preview/medipro/js/magiccursor.js]
[demo.awaikenthemes.com/html-preview/medipro/js/SplitText.js]
[demo.awaikenthemes.com/html-preview/medipro/js/ScrollTrigger.min.js]
[demo.awaikenthemes.com/html-preview/medipro/js/wow.js]
[demo.awaikenthemes.com/html-preview/medipro/js/function.js]
[demo.awaikenthemes.com/html-preview/medipro/index.html]
[fonts.googleapis.com/index.html]
[fonts.gstatic.com/index.html]
[fonts.gstatic.com/s/figtree/v5/_Xm9-HUzqDCFdgfMm4GnA4aZFrUvtOK3A-gdyEU.ttf]
[fonts.gstatic.com/s/figtree/v5/_Xm9-HUzqDCFdgfMm4GnA4aZFrUvtOK3A7YdyEU.ttf]
[fonts.gstatic.com/s/figtree/v5/_Xm9-HUzqDCFdgfMm4GnA4aZFrUvtOK3A4QdyEU.ttf]
[fonts.gstatic.com/s/figtree/v5/_Xm9-HUzqDCFdgfMm4GnA4aZFrUvtOK3A2gayEU.ttf]
[fonts.gstatic.com/s/figtree/v5/_Xm9-HUzqDCFdgfMm4GnA4aZFrUvtOK3A1EayEU.ttf]
[fonts.gstatic.com/s/figtree/v5/_Xm9-HUzqDCFdgfMm4GnA4aZFrUvtOK3AzYayEU.ttf]
[fonts.gstatic.com/s/figtree/v5/_Xm9-HUzqDCFdgfMm4GnA4aZFrUvtOK3Ax8ayEU.ttf]
[fonts.gstatic.com/s/figtree/v5/_Xmz-HUzqDCFdgfMsYiV_F7wfS-Bs_chQF5e.ttf]
[fonts.gstatic.com/s/figtree/v5/_Xmz-HUzqDCFdgfMsYiV_F7wfS-Bs_d_QF5e.ttf]
[fonts.gstatic.com/s/figtree/v5/_Xmz-HUzqDCFdgfMsYiV_F7wfS-Bs_dNQF5e.ttf]
[fonts.gstatic.com/s/figtree/v5/_Xmz-HUzqDCFdgfMsYiV_F7wfS-Bs_ehR15e.ttf]
[fonts.gstatic.com/s/figtree/v5/_Xmz-HUzqDCFdgfMsYiV_F7wfS-Bs_eYR15e.ttf]
[fonts.gstatic.com/s/figtree/v5/_Xmz-HUzqDCFdgfMsYiV_F7wfS-Bs_f_R15e.ttf]
[fonts.googleapis.com/css26656.css]
[demo.awaikenthemes.com/html-preview/medipro/css/bootstrap.min.css]
[demo.awaikenthemes.com/html-preview/medipro/css/slicknav.min.css]
[demo.awaikenthemes.com/html-preview/medipro/css/swiper-bundle.min.css]
[fonts.gstatic.com/s/figtree/v5/_Xmz-HUzqDCFdgfMsYiV_F7wfS-Bs_fWR15e.ttf]
[demo.awaikenthemes.com/html-preview/medipro/webfonts/fa-brands-400.woff2]
[demo.awaikenthemes.com/html-preview/medipro/webfonts/fa-brands-400.ttf]
[demo.awaikenthemes.com/html-preview/medipro/webfonts/fa-regular-400.woff2]
[demo.awaikenthemes.com/html-preview/medipro/webfonts/fa-regular-400.ttf]
[demo.awaikenthemes.com/html-preview/medipro/webfonts/fa-solid-900.woff2]
[demo.awaikenthemes.com/html-preview/medipro/webfonts/fa-solid-900.ttf]
[demo.awaikenthemes.com/html-preview/medipro/webfonts/fa-v4compatibility.woff2]
[demo.awaikenthemes.com/html-preview/medipro/css/all.css]
[demo.awaikenthemes.com/html-preview/medipro/webfonts/fa-v4compatibility.ttf]
[demo.awaikenthemes.com/html-preview/medipro/css/animate.css]
[demo.awaikenthemes.com/html-preview/medipro/css/magnific-popup.css]
[demo.awaikenthemes.com/html-preview/medipro/images/half-circle-img.png]
[demo.awaikenthemes.com/html-preview/medipro/images/half-shape.png]
[demo.awaikenthemes.com/html-preview/medipro/images/white-dots-img.png]
[demo.awaikenthemes.com/html-preview/medipro/images/about-bg.png]
[demo.awaikenthemes.com/html-preview/medipro/images/half-circle-3.png]
[demo.awaikenthemes.com/html-preview/medipro/images/service-bg-img.png]
[demo.awaikenthemes.com/html-preview/medipro/images/home-contact-form-bg.jpg]
[demo.awaikenthemes.com/html-preview/medipro/images/half-circle-2.png]
[demo.awaikenthemes.com/html-preview/medipro/css/custom.css]
[demo.awaikenthemes.com/html-preview/medipro/images/loader.svg]
[demo.awaikenthemes.com/html-preview/medipro/images/logo.svg]
[demo.awaikenthemes.com/html-preview/medipro/images/about-footer-img.jpg]
[demo.awaikenthemes.com/html-preview/medipro/images/signature.png]
[demo.awaikenthemes.com/html-preview/medipro/images/page-about-us-img-1.jpg]
[demo.awaikenthemes.com/html-preview/medipro/images/page-about-us-img-2.jpg]
[demo.awaikenthemes.com/html-preview/medipro/images/improving-img.jpg]
[demo.awaikenthemes.com/html-preview/medipro/images/team-1.jpg]
[demo.awaikenthemes.com/html-preview/medipro/images/team-2.jpg]
[demo.awaikenthemes.com/html-preview/medipro/images/team-3.jpg]
[demo.awaikenthemes.com/html-preview/medipro/about.html]
[demo.awaikenthemes.com/html-preview/medipro/images/team-4.jpg]
[demo.awaikenthemes.com/html-preview/medipro/images/cultuer-1.jpg]
[demo.awaikenthemes.com/html-preview/medipro/images/cultuer-2.jpg]
[demo.awaikenthemes.com/html-preview/medipro/images/cultuer-3.jpg]
[demo.awaikenthemes.com/html-preview/medipro/images/cultuer-4.jpg]
[demo.awaikenthemes.com/html-preview/medipro/images/cultuer-5.jpg]
[demo.awaikenthemes.com/html-preview/medipro/images/cultuer-6.jpg]
[demo.awaikenthemes.com/html-preview/medipro/images/cultuer-7.jpg]
[demo.awaikenthemes.com/html-preview/medipro/images/cultuer-8.jpg]
[demo.awaikenthemes.com/html-preview/medipro/images/cultuer-9.jpg]
[demo.awaikenthemes.com/html-preview/medipro/images/cultuer-10.jpg]
[demo.awaikenthemes.com/html-preview/medipro/images/google-play-img.png]
[demo.awaikenthemes.com/html-preview/medipro/images/app-store-img.png]
[demo.awaikenthemes.com/html-preview/medipro/services.html]
[demo.awaikenthemes.com/html-preview/medipro/images/app-download.png]
[demo.awaikenthemes.com/html-preview/medipro/services-single.html]
[demo.awaikenthemes.com/html-preview/medipro/images/post-4.jpg]
[demo.awaikenthemes.com/html-preview/medipro/images/post-5.jpg]
[demo.awaikenthemes.com/html-preview/medipro/blog.html]
[demo.awaikenthemes.com/html-preview/medipro/blog-single.html]
[demo.awaikenthemes.com/html-preview/medipro/images/post-6.jpg]
[demo.awaikenthemes.com/html-preview/medipro/images/team-5.jpg]
[demo.awaikenthemes.com/html-preview/medipro/images/team-6.jpg]
[demo.awaikenthemes.com/html-preview/medipro/images/team-7.jpg]
[demo.awaikenthemes.com/html-preview/medipro/images/team-8.jpg]
[demo.awaikenthemes.com/html-preview/medipro/images/team-9.jpg]
[demo.awaikenthemes.com/html-preview/medipro/team.html]
[demo.awaikenthemes.com/html-preview/medipro/team-single.html]
[demo.awaikenthemes.com/html-preview/medipro/faqs.html]
[demo.awaikenthemes.com/html-preview/medipro/images/404-Error-img.png]
[demo.awaikenthemes.com/html-preview/medipro/404.html]
[demo.awaikenthemes.com/html-preview/medipro/contact.html]
[demo.awaikenthemes.com/html-preview/medipro/appointment.html]
[www.youtube.com/s/desktop/b9bfb983/img/favicon.ico]
[www.youtube.com/s/desktop/b9bfb983/img/favicon_32x32.png]
[www.youtube.com/s/desktop/b9bfb983/img/favicon_48x48.png]
[www.youtube.com/s/desktop/b9bfb983/img/favicon_96x96.png]
[www.youtube.com/s/desktop/b9bfb983/img/favicon_144x144.png]
[www.youtube.com/s/desktop/b9bfb983/jsbin/web-animations-next-lite.min.vflset/web-animations-next-lite.min.js]
[www.youtube.com/s/desktop/b9bfb983/jsbin/webcomponents-all-noPatch.vflset/webcomponents-all-noPatch.js]
[www.youtube.com/s/desktop/b9bfb983/jsbin/fetch-polyfill.vflset/fetch-polyfill.js]
[www.youtube.com/s/desktop/b9bfb983/jsbin/intersection-observer.min.vflset/intersection-observer.min.js]
[www.youtube.com/s/desktop/b9bfb983/jsbin/scheduler.vflset/scheduler.js]
[www.youtube.com/s/desktop/b9bfb983/jsbin/www-i18n-constants-en_US.vflset/www-i18n-constants.js]
[www.youtube.com/opensearch97fa]
[www.youtube.com/manifest.webmanifest]
[www.youtube.com/android-app_/com.google.android.youtube/http/www.youtube.com/watch60d8.html]
[www.youtube.com/ios-app_/544007664/vnd.youtube/www.youtube.com/watch.b360d8.delayed]
[www.youtube.com/oembed87e9.json]
[www.youtube.com/oembed3d55]
[www.youtube.com/@LeighonYouTube.html]
[www.youtube.com/embed/Y-x0efG1seA.html]
[www.youtube.com/s/player/a87a9450/player_ias.vflset/en_US/base.js]
[www.youtube.com/Edg/index.html]
[www.youtube.com/s/desktop/b9bfb983/jsbin/spf.vflset/spf.js]
[www.youtube.com/s/desktop/b9bfb983/jsbin/network.vflset/network.js]
[www.youtube.com/t/terms.html]
[www.youtube.com/index.html]
[www.youtube.com/t/contact_us/index.html]
[www.youtube.com/ads/index.html]
[www.youtube.com/creators/index.html]
[www.youtube.com/howyoutubeworks/indexd320.html]
[www.youtube.com/new.html]
[www.youtube.com/s/desktop/b9bfb983/jsbin/desktop_polymer_legacy_browsers.vflset/desktop_polymer_legacy_browsers.js]
[www.youtube.com/async_attach_app_loader.c1.delayed]
[www.youtube.com/watch60d8.html]
[demo.awaikenthemes.com/html-preview/medipro/images/icon-home-contact-1.svg]
[demo.awaikenthemes.com/html-preview/medipro/images/icon-home-contact-2.svg]
[demo.awaikenthemes.com/html-preview/medipro/images/icon-medical-service-1.svg]
[demo.awaikenthemes.com/html-preview/medipro/images/icon-medical-service-2.svg]
[demo.awaikenthemes.com/html-preview/medipro/images/icon-medical-service-3.svg]
[demo.awaikenthemes.com/html-preview/medipro/images/icon-medical-service-4.svg]
[demo.awaikenthemes.com/html-preview/medipro/images/icon-medical-service-5.svg]
[demo.awaikenthemes.com/html-preview/medipro/images/icon-appointment.svg]
[demo.awaikenthemes.com/html-preview/medipro/images/icon-work-step-1.svg]
[demo.awaikenthemes.com/html-preview/medipro/images/icon-work-step-2.svg]
[demo.awaikenthemes.com/html-preview/medipro/images/icon-work-step-3.svg]
[demo.awaikenthemes.com/html-preview/medipro/images/icon-work-step-4.svg]
[demo.awaikenthemes.com/html-preview/medipro/images/logo_165.web]
[demo.awaikenthemes.com/html-preview/medipro/images/icon-blockquote.svg]
[demo.awaikenthemes.com/html-preview/medipro/images/icon-service-1.svg]
[demo.awaikenthemes.com/html-preview/medipro/images/icon-service-white-1.svg]
[demo.awaikenthemes.com/html-preview/medipro/images/icon-service-2.svg]
[demo.awaikenthemes.com/html-preview/medipro/images/icon-service-white-2.svg]
[demo.awaikenthemes.com/html-preview/medipro/images/icon-service-3.svg]
[demo.awaikenthemes.com/html-preview/medipro/images/icon-service-white-3.svg]
[demo.awaikenthemes.com/html-preview/medipro/images/icon-health-service.svg]
[demo.awaikenthemes.com/html-preview/medipro/index-2.html]
[demo.awaikenthemes.com/html-preview/medipro/images/icon-service-page-1.svg]
[demo.awaikenthemes.com/html-preview/medipro/images/icon-service-page-2.svg]
[demo.awaikenthemes.com/html-preview/medipro/images/icon-service-page-3.svg]
[demo.awaikenthemes.com/html-preview/medipro/images/icon-service-page-4.svg]
[demo.awaikenthemes.com/html-preview/medipro/images/icon-service-page-5.svg]
[demo.awaikenthemes.com/html-preview/medipro/images/icon-service-page-6.svg]
[demo.awaikenthemes.com/html-preview/medipro/images/icon-specialist-1.svg]
[demo.awaikenthemes.com/html-preview/medipro/images/icon-specialist-2.svg]
[demo.awaikenthemes.com/html-preview/medipro/images/icon-specialist-3.svg]
[demo.awaikenthemes.com/html-preview/medipro/images/icon-specialist-4.svg]
[demo.awaikenthemes.com/html-preview/medipro/images/icon-service-single-medical-1.svg]
[demo.awaikenthemes.com/html-preview/medipro/images/icon-service-single-medical-2.svg]
[demo.awaikenthemes.com/html-preview/medipro/images/icon-service-single-medical-3.svg]
[demo.awaikenthemes.com/html-preview/medipro/images/icon-service-single-medical-4.svg]
[demo.awaikenthemes.com/html-preview/medipro/images/icon-working-process-1.svg]
[demo.awaikenthemes.com/html-preview/medipro/images/icon-working-process-2.svg]
[demo.awaikenthemes.com/html-preview/medipro/images/icon-working-process-3.svg]
[demo.awaikenthemes.com/html-preview/medipro/images/icon-working-process-4.svg]
[demo.awaikenthemes.com/html-preview/medipro/images/icon-awards.svg]
[demo.awaikenthemes.com/html-preview/medipro/images/icon-clock.svg]
[www.youtube.com/error_2049a45.html]
[fonts.gstatic.com/s/roboto/v32/KFOlCnqEu92Fr1MmSU5vAw.ttf]
[fonts.gstatic.com/s/roboto/v32/KFOmCnqEu92Fr1Me5Q.ttf]
[fonts.gstatic.com/s/roboto/v32/KFOlCnqEu92Fr1MmEU9vAw.ttf]
[fonts.gstatic.com/s/roboto/v32/KFOlCnqEu92Fr1MmWUlvAw.ttf]
[fonts.gstatic.com/s/youtubesans/v30/Qw3hZQNGEDjaO2m6tqIqX5E-AVS5_rSejo46_PCTRspJ0OosolrBEJL3HMXfxQASluL2m_dAWVaAAQ.ttf]
[fonts.gstatic.com/s/youtubesans/v30/Qw3hZQNGEDjaO2m6tqIqX5E-AVS5_rSejo46_PCTRspJ0OosolrBEJL3HMXfxQASluL2m_dAB1aAAQ.ttf]
[fonts.gstatic.com/s/youtubesans/v30/Qw3hZQNGEDjaO2m6tqIqX5E-AVS5_rSejo46_PCTRspJ0OosolrBEJL3HMXfxQASluL2m_dANVaAAQ.ttf]
[fonts.gstatic.com/s/youtubesans/v30/Qw3hZQNGEDjaO2m6tqIqX5E-AVS5_rSejo46_PCTRspJ0OosolrBEJL3HMXfxQASluL2m_dA2VGAAQ.ttf]
[fonts.gstatic.com/s/youtubesans/v30/Qw3hZQNGEDjaO2m6tqIqX5E-AVS5_rSejo46_PCTRspJ0OosolrBEJL3HMXfxQASluL2m_dA4FGAAQ.ttf]
[fonts.googleapis.com/css2aa78.css]
[www.youtube.com/s/player/a87a9450/www-player.css]
[www.youtube.com/s/desktop/b9bfb983/cssbin/www-main-desktop-watch-page-skeleton.css]
[www.youtube.com/s/desktop/b9bfb983/cssbin/www-main-desktop-player-skeleton.css]
[www.youtube.com/s/desktop/b9bfb983/cssbin/www-onepick.css]
[www.youtube.com/s/_/ytmainappweb/_/ss/k=ytmainappweb.kevlar_base.IYZE0VYglj8.L.X.O/am=AAAQKA/d=0/rs=AGKMywEo2SR-PYrIa4Qqz0jshwbMhwGw4w.css]
[www.youtube.com/s/desktop/b9bfb983/jsbin/www-tampering.vflset/www-tampering.js]
[fonts.gstatic.com/s/youtubesans/v30/Qw3hZQNGEDjaO2m6tqIqX5E-AVS5_rSejo46_PCTRspJ0OosolrBEJL3HMXfxQASluL2m_dAh1GAAQ.ttf]
[www.youtube.com/feeds/videos12ed.xml]
[fonts.gstatic.com/s/youtubesans/v30/Qw3hZQNGEDjaO2m6tqIqX5E-AVS5_rSejo46_PCTRspJ0OosolrBEJL3HMXfxQASluL2m_dArlGAAQ.ttf]
[www.youtube.com/channel/UCjaFblyfqwCBM1-_t2Q9jlQ.html]
[www.youtube.com/android-app_/com.google.android.youtube/http/www.youtube.com/android-app_/com.google.android.youtube/http/www.youtube.com/channel/UCjaFblyfqwCBM1-_t2Q9jlQ.html]
[www.youtube.com/android-app_/com.google.android.youtube/http/www.youtube.com/watch60d8.html]
[www.youtube.com/ios-app_/544007664/vnd.youtube/www.youtube.com/watch60d8.html]
[www.youtube.com/android-app_/com.google.android.youtube/http/www.youtube.com/ios-app_/544007664/vnd.youtube/www.youtube.com/channel/UCjaFblyfqwCBM1-_t2Q9jlQ.html]
[www.youtube.com/channel/UCe4bQBIKRLKAk-yn5GuOk5w.html]
[www.youtube.com/feeds/videosa234.xml]
[www.youtube.com/android-app_/com.google.android.youtube/http/www.youtube.com/channel/UCe4bQBIKRLKAk-yn5GuOk5w.html]
[www.youtube.com/ios-app_/544007664/vnd.youtube/www.youtube.com/channel/UCe4bQBIKRLKAk-yn5GuOk5w.da.delayed]
[www.youtube.com/@LeighonYouTube.html]
[fonts.gstatic.com/s/roboto/v18/KFOmCnqEu92Fr1Mu4mxP.ttf]
[www.youtube.com/img/meh7.dd.delayed]
[www.youtube.com/s/player/a87a9450/player_ias.vflset/en_US/embed.js]
[www.youtube.com/s/player/a87a9450/www-embed-player.vflset/www-embed-player.js]
[www.youtube.com/embed/Y-x0efG1seA.html]
[www.youtube.com/Edg/index.html]
[www.youtube.com/index.html]
[www.youtube.com/about/index.html]
[www.youtube.com/about/press/index.html]
[www.youtube.com/about/copyright/index.html]
[www.youtube.com/howyoutubeworks/policies/copyright/index.html]
[www.youtube.com/img/favicon.ico]
[www.youtube.com/img/favicon_32.png]
[www.youtube.com/img/favicon_48.png]
[www.youtube.com/img/favicon_96.png]
[www.youtube.com/img/favicon_144.png]
[www.youtube.com/img/desktop/supported_browsers/yt_logo_rgb_light.png]
[www.youtube.com/howyoutubeworks/policies/community-guidelines/index.html]
[www.youtube.com/jobs/index.html]
[www.youtube.com/t/contact_us/index.html]
[www.youtube.com/intl/en_ng/creators/index.html]
[www.youtube.com/creators/static/compiled/index.min.js]
[www.youtube.com/yts/img/favicon-vfl8qSV2F.ico]
[www.youtube.com/yts/img/favicon_32-vflOogEID.png]
[www.youtube.com/yts/img/favicon_48-vflVjB_Qk.png]
[www.youtube.com/yts/img/favicon_96-vflW9Ec0w.png]
[www.youtube.com/yts/img/favicon_144-vfliLAfaB.png]
[www.youtube.com/intl/en_ng/creators/how-things-work/getting-started/index.html]
[www.youtube.com/intl/en_ng/creators/welcome-creators/index.html]
[www.youtube.com/intl/en_ng/creators/how-things-work/building-community/index.html]
[www.youtube.com/intl/en_ng/creators/how-things-work/policies-guidelines/index.html]
[www.youtube.com/intl/en_ng/creators/how-things-work/content-creation-strategy/index.html]
[www.youtube.com/intl/en_ng/creators/how-things-work/video-monetization/index.html]
[www.youtube.com/creators/index.html]
[www.youtube.com/intl/en_ng/creators/how-things-work/get-involved/index.html]
[www.youtube.com/creators/how-things-work/video-monetization/index.html]
[www.youtube.com/intl/en_ng/creators/top-questions/index.html]
[www.youtube.com/channel/UCkRfArvrzheW2E7b6SVT7vQ.html]
[www.youtube.com/intl/ALL_br/ads/index.html]
[www.youtube.com/intl/ALL_ca/ads/index.html]
[www.youtube.com/intl/es_us/ads/index.html]
[www.youtube.com/intl/ALL_fr/ads/index.html]
[www.youtube.com/intl/ALL_de/ads/index.html]
[www.youtube.com/intl/fr_ca/ads/index.html]
[www.youtube.com/intl/en_id/ads/index.html]
[www.youtube.com/intl/ALL_in/ads/index.html]
[www.youtube.com/intl/ALL_id/ads/index.html]
[www.youtube.com/intl/hi_in/ads/index.html]
[www.youtube.com/intl/ALL_kr/ads/index.html]
[www.youtube.com/intl/ALL_ru/ads/index.html]
[www.youtube.com/musicpremium.html]
[www.youtube.com/intl/ALL_sg/ads/index.html]
[www.youtube.com/intl/ALL_th/ads/index.html]
[www.youtube.com/intl/ALL_ua/ads/index.html]
[www.youtube.com/ads/static/compiled/globals.min082d.js]
[www.youtube.com/intl/ALL_vn/ads/index.html]
[www.youtube.com/intl/ALL_jp/ads/index.html]
[www.youtube.com/channel/UCqVDpXKLmKeBU_yyt_QkItQ.html]
[www.youtube.com/ads/static/compiled/index.min8015.js]
[www.youtube.com/ads/index.html]
[www.youtube.com/intl/en_ae/ads/index.html]
[www.youtube.com/intl/ALL_au/ads/index.html]
[www.youtube.com/intl/ALL_ae/ads/index.html]
[www.youtube.com/intl/ALL_cn/ads/index.html]
[www.youtube.com/t/terms_paidservice.html]
[www.youtube.com/intl/en_cn/ads/index.html]
[www.youtube.com/intl/ALL_es/ads/index.html]
[www.youtube.com/t/usage_paycontent.html]
[www.youtube.com/intl/ALL_hk/ads/index.html]
[www.youtube.com/intl/en_hk/ads/index.html]
[www.youtube.com/intl/ALL_il/ads/index.html]
[www.youtube.com/intl/ALL_mx/ads/index.html]
[www.youtube.com/intl/en_il/ads/index.html]
[www.youtube.com/intl/ALL_it/ads/index.html]
[www.youtube.com/intl/ALL_pl/ads/index.html]
[www.youtube.com/intl/ALL_tr/ads/index.html]
[www.youtube.com/intl/ALL_tw/ads/index.html]
[www.youtube.com/intl/ALL_uk/ads/index.html]
[www.youtube.com/intl/ALL_ar/ads/index.html]
[www.youtube.com/intl/ALL_co/ads/index.html]
[www.youtube.com/intl/ALL_cl/ads/index.html]
[www.youtube.com/intl/ALL_pe/ads/index.html]
[www.youtube.com/intl/ALL_se/ads/index.html]
[www.youtube.com/intl/ALL_nl/ads/index.html]
[www.youtube.com/t/terms_dataprocessing.html]
[www.youtube.com/intl/ms_my/ads/index.html]
[www.youtube.com/intl/en_my/ads/index.html]
[www.youtube.com/intl/en_us/ads/index.html]
[www.youtube.com/ads/youtube-for-small-business/index.html]
[www.youtube.com/ads/how-it-works/index.html]
[www.youtube.com/ads/how-it-works/create-a-video-ad/index.html]
[www.youtube.com/ads/how-it-works/set-up-a-campaign/index.html]
[www.youtube.com/ads/how-it-works/set-up-a-campaign/audience/index.html]
[www.youtube.com/ads/how-it-works/set-up-a-campaign/budget/index.html]
[www.youtube.com/ads/news-and-inspiration/index.html]
[www.youtube.com/ads/resources/index.html]
[www.youtube.com/t/terms.html]
[www.youtube.com/t/terms9940.html]
[www.youtube.com/about/policies/index.html]
[www.youtube.com/ads/resources/measurement-tools/index.html]
[www.youtube.com/ads/how-it-works/measure-your-results/index.html]
[www.youtube.com/ads/resources/creative-resources/index.html]
[www.youtube.com/ads/resources/best-practices/index.html]
[www.youtube.com/ads/resources/success-stories/index.html]
[www.youtube.com/ads/faqs/index.html]
[www.youtube.com/howyoutubeworks/index.html]
[www.youtube.com/kids/index.html]
[www.youtube.com/trends/index.html]
[www.youtube.com/creators/podcasts/index.html]
[www.youtube.com/howyoutubeworks/static/images/chevron-down3e45.png]
[www.youtube.com/premium/index.html]
[www.youtube.com/ads/how-it-works/set-up-a-campaign/youtube-select/index.html]
[www.youtube.com/howyoutubeworks/static/compiled/index.min5559.js]
[www.youtube.com/howyoutubeworks/indexd320.html]
[www.youtube.com/csai-match/index.html]
[www.youtube.com/new.html]
[www.youtube.com/howyoutubeworks/our-commitments/managing-harmful-content/index.html]
[www.youtube.com/async_attach_app_loader.html]
[www.youtube.com/howyoutubeworks/our-commitments/fighting-misinformation/index.html]
[www.youtube.com/howyoutubeworks/our-commitments/standing-up-to-hate/index.html]
[www.youtube.com/howyoutubeworks/our-commitments/curbing-extremist-content/index.html]
[www.youtube.com/howyoutubeworks/our-commitments/preventing-bias/index.html]
[www.youtube.com/howyoutubeworks/our-commitments/supporting-political-integrity/index.html]
[www.youtube.com/howyoutubeworks/our-commitments/youth-principles/index.html]
[www.youtube.com/channel/android-app_/com.google.android.youtube/http/www.youtube.com/channel/UCjaFblyfqwCBM1-_t2Q9jlQ.11b.delayed]
[www.youtube.com/howyoutubeworks/our-commitments/protecting-user-data/index.html]
[www.youtube.com/howyoutubeworks/our-commitments/fostering-child-safety/index.html]
[www.youtube.com/howyoutubeworks/our-commitments/safeguarding-copyright/index.html]
[www.youtube.com/howyoutubeworks/our-commitments/sharing-revenue/index.html]
[www.youtube.com/howyoutubeworks/our-commitments/promoting-digital-wellbeing/index.html]
[www.youtube.com/howyoutubeworks/our-commitments/responsible-ai/index.html]
[www.youtube.com/howyoutubeworks/product-features/recommendations/index.html]
[www.youtube.com/howyoutubeworks/product-features/search/index.html]
[www.youtube.com/channel/ios-app_/544007664/vnd.youtube/www.youtube.com/channel/UCjaFblyfqwCBM1-_t2Q9jlQ.11d.delayed]
[www.youtube.com/howyoutubeworks/product-features/news-information/index.html]
[www.youtube.com/howyoutubeworks/product-features/health-information/index.html]
[www.youtube.com/channel/UCjaFblyfqwCBM1-_t2Q9jlQ.html]
[www.youtube.com/howyoutubeworks/product-features/live/index.html]
[www.youtube.com/howyoutubeworks/product-features/monetization/index.html]
[www.youtube.com/android-app_/com.google.android.youtube/http/www.youtube.com/android-app_/com.google.android.youtube/http/www.youtube.com/channel/UCjaFblyfqwCBM1-_t2Q9jlQ.html]
[www.youtube.com/howyoutubeworks/user-settings/ad-settings/index.html]
[www.youtube.com/howyoutubeworks/user-settings/privacy/index.html]
[www.youtube.com/android-app_/com.google.android.youtube/http/www.youtube.com/ios-app_/544007664/vnd.youtube/www.youtube.com/channel/UCjaFblyfqwCBM1-_t2Q9jlQ.html]
[www.youtube.com/howyoutubeworks/policies/overview/index.html]
[www.youtube.com/howyoutubeworks/user-settings/autoplay/index.html]
[www.youtube.com/howyoutubeworks/user-settings/parental-controls/index.html]
[www.youtube.com/howyoutubeworks/policies/monetization-policies/index.html]
[www.youtube.com/howyoutubeworks/policies/legal-removals/index.html]
[www.youtube.com/howyoutubeworks/progress-impact/responsibility/index.html]
[www.youtube.com/howyoutubeworks/progress-impact/impact/index.html]
[www.youtube.com/s/desktop/b9bfb983/jsbin/desktop_polymer_legacy_browsers.vflset/desktop_polymer_legacy_browsers.js]
[www.youtube.com/howyoutubeworks/progress-impact/sustainability/index.html]
[www.youtube.com/howyoutubeworks/resources/brand-resources/index.html]
[www.youtube.com/channel/android-app_/com.google.android.youtube/http/www.youtube.com/channel/UCe4bQBIKRLKAk-yn5GuOk5w.126.delayed]
[www.youtube.com/channel/ios-app_/544007664/vnd.youtube/www.youtube.com/channel/UCe4bQBIKRLKAk-yn5GuOk5w.128.delayed]
[www.youtube.com/channel/UCe4bQBIKRLKAk-yn5GuOk5w.html]
[www.youtube.com/android-app_/com.google.android.youtube/http/www.youtube.com/channel/UCe4bQBIKRLKAk-yn5GuOk5w.html]
[www.youtube.com/ios-app_/544007664/vnd.youtube/www.youtube.com/channel/UCe4bQBIKRLKAk-yn5GuOk5w.html]
[www.youtube.com/img/meh7.html]
[www.youtube.com/android-app_/com.google.android.youtube/http/www.youtube.com/channel/ios-app_/544007664/vnd.youtube/www.youtube.com/channel/UCjaFblyfqwCBM1-_t2Q9jlQ.html]
[www.youtube.com/android-app_/com.google.android.youtube/http/www.youtube.com/index.html]
[www.youtube.com/android-app_/com.google.android.youtube/http/www.youtube.html]
[www.youtube.com/ios-app_/544007664/vnd.youtube/www.youtube.130.delayed]
[www.youtube.com/ios-app_/544007664/vnd.youtube/www.youtube.com/index.html]
[www.youtube.com/s/desktop/b9bfb983/cssbin/www-main-desktop-home-page-skeleton.css]
[www.youtube.com/howyoutubeworks/static/images/eyebrow-underline.png]
[www.youtube.com/howyoutubeworks/policies/copyright/index.html]
[fonts.googleapis.com/css7f8d.css]
[fonts.gstatic.com/s/youtubesans/v30/Qw3hZQNGEDjaO2m6tqIqX5E-AVS5_rSejo46_PCTRspJ0OosolrBEJL3HMXfxQASluL2m_dA2VGwBpSG.ttf]
[fonts.gstatic.com/s/roboto/v32/KFOmCnqEu92Fr1Mu4mxP.ttf]
[fonts.googleapis.com/css0981.css]
[www.youtube.com/howyoutubeworks/policies/community-guidelines/index.html]
[fonts.gstatic.com/s/roboto/v32/KFOlCnqEu92Fr1MmEU9fBBc9.ttf]
[www.youtube.com/jobs/static/compiled/index.minc1be.js]
[www.youtube.com/jobs/index.html]
[www.youtube.com/jobs/product-and-design/index.html]
[www.youtube.com/jobs/business-and-operations/index.html]
[www.youtube.com/intl/en/yt/about/press/index.html]
[www.youtube.com/jobs/engineering/index.html]
[www.youtube.com/creators/benefits/index.html]
[www.youtube.com/jobs/trust-and-safety/index.html]
[www.youtube.com/yt/advertise/index.html]
[www.youtube.com/intl/en_ng/creators/index.html]
[fonts.gstatic.com/s/roboto/v32/KFOlCnqEu92Fr1MmSU5fBBc9.ttf]
[fonts.googleapis.com/cssd7cb.css]
[fonts.gstatic.com/s/roboto/v32/KFOlCnqEu92Fr1MmWUlfBBc9.ttf]
[fonts.gstatic.com/s/youtubesans/v30/Qw3hZQNGEDjaO2m6tqIqX5E-AVS5_rSejo46_PCTRspJ0OosolrBEJL3HMXfxQASluL2m_dAWVawBpSG.ttf]
[fonts.gstatic.com/s/youtubesans/v30/Qw3hZQNGEDjaO2m6tqIqX5E-AVS5_rSejo46_PCTRspJ0OosolrBEJL3HMXfxQASluL2m_dAB1awBpSG.ttf]
[fonts.gstatic.com/s/youtubesans/v30/Qw3hZQNGEDjaO2m6tqIqX5E-AVS5_rSejo46_PCTRspJ0OosolrBEJL3HMXfxQASluL2m_dANVawBpSG.ttf]
[fonts.gstatic.com/s/youtubesans/v30/Qw3hZQNGEDjaO2m6tqIqX5E-AVS5_rSejo46_PCTRspJ0OosolrBEJL3HMXfxQASluL2m_dA4FGwBpSG.ttf]
[fonts.googleapis.com/css4f05.css]
[www.youtube.com/creators/static/compiled/index.min.css]
[fonts.gstatic.com/s/youtubesans/v30/Qw3hZQNGEDjaO2m6tqIqX5E-AVS5_rSejo46_PCTRspJ0OosolrBEJL3HMXfxQASluL2m_dArlGwBpSG.ttf]
[www.youtube.com/c/LasizweDambuza.html]
[www.youtube.com/c/VanessaKanbi.html]
[www.youtube.com/c/ChefAliMandhry.html]
[www.youtube.com/c/OscarminiTV.146.delayed]
[www.youtube.com/c/SuzelleDIY.html]
[www.youtube.com/c/JessicaVanHeerden.html]
[www.youtube.com/creators/how-things-work/policies-guidelines/index.html]
[www.youtube.com/channel/UC3oFJp8_9KniTt_31-GcQKA.html]
[www.youtube.com/creators/how-things-work/content-creation-strategy/index.html]
[www.youtube.com/creators/how-things-work/building-community/index.html]
[www.youtube.com/intl/en_ng/creators/welcome-creators/index.html]
[www.youtube.com/creators/how-things-work/get-involved/index.html]
[www.youtube.com/creators/shorts/index.html]
[www.youtube.com/watch0e2f.html]
[www.youtube.com/watch9815.html]
[www.youtube.com/watch86cc.html]
[www.youtube.com/watch6721.html]
[www.youtube.com/channel/UCyfQjWFpm2CB9HGqPjFUtMw.html]
[www.youtube.com/playlist8fea.html]
[www.youtube.com/intl/en_ng/creators/how-things-work/getting-started/index.html]
[www.youtube.com/watch6d54.html]
[www.youtube.com/watchc377.html]
[www.youtube.com/intl/en_ng/creators/how-things-work/building-community/index.html]
[www.youtube.com/intl/en_ng/creators/how-things-work/video-monetization/index.html]
[www.youtube.com/watchb281.html]
[www.youtube.com/c/SaschaHuber.html]
[www.youtube.com/watchc0b2.html]
[www.youtube.com/playlistc604.html]
[www.youtube.com/watchc121.html]
[www.youtube.com/watchf25a.html]
[www.youtube.com/watch898b.html]
[www.youtube.com/watch7541.html]
[www.youtube.com/creators/live-streaming-on-youtube/index.html]
[www.youtube.com/watche58e.html]
[www.youtube.com/watcha3d1.html]
[www.youtube.com/intl/en_ng/creators/shorts/index.html]
[www.youtube.com/intl/en_ng/creators/how-things-work/content-creation-strategy/index.html]
[www.youtube.com/c/pearldaisy.html]
[www.youtube.com/watchfab1.html]
[www.youtube.com/kids/index47ed.html]
[www.youtube.com/intl/en_ng/creators/how-things-work/policies-guidelines/index.html]
[www.youtube.com/static2972.html]
[www.youtube.com/intl/en_ng/creators/how-things-work/get-involved/index.html]
[www.youtube.com/intl/en_ng/creators/how-things-work/get-involved/awards/index.html]
[www.youtube.com/intl/en_ng/creators/research/index.html]
[www.youtube.com/creators/black-voices-fund/index.html]
[www.youtube.com/creators/youtubeblack/index.html]
[www.youtube.com/watche42f.html]
[www.youtube.com/intl/en_ng/creators/top-questions/index.html]
[www.youtube.com/creators/how-things-work/video-monetization/index.html]
[www.youtube.com/feed/trending.html]
[www.youtube.com/feeds/videos8613.xml]
[www.youtube.com/channel/android-app_/com.google.android.youtube/http/www.youtube.com/channel/UCkRfArvrzheW2E7b6SVT7vQ.16b.delayed]
[www.youtube.com/channel/ios-app_/544007664/vnd.youtube/www.youtube.com/channel/UCkRfArvrzheW2E7b6SVT7vQ.16d.delayed]
[www.youtube.com/channel/UCkRfArvrzheW2E7b6SVT7vQ.html]
[www.youtube.com/intl/es_us/ads/index.html]
[www.youtube.com/intl/es_us/ads/youtube-for-small-business/index.html]
[www.youtube.com/intl/es_us/ads/how-it-works/set-up-a-campaign/index.html]
[www.youtube.com/intl/es_us/ads/how-it-works/index.html]
[www.youtube.com/intl/es_us/ads/how-it-works/create-a-video-ad/index.html]
[www.youtube.com/intl/ALL_brtel_1-877-763-9810.16f.delayed]
[www.youtube.com/intl/es_us/ads/how-it-works/set-up-a-campaign/audience/index.html]
[www.youtube.com/intl/ALL_br/ads/index.html]
[www.youtube.com/intl/es_us/ads/how-it-works/measure-your-results/index.html]
[www.youtube.com/intl/es_us/ads/news-and-inspiration/index.html]
[www.youtube.com/intl/es_us/ads/how-it-works/set-up-a-campaign/budget/index.html]
[www.youtube.com/intl/es_us/ads/resources/creative-resources/index.html]
[www.youtube.com/intl/es_us/ads/resources/index.html]
[www.youtube.com/intl/ALL_catel_1-877-763-9810.170.delayed]
[www.youtube.com/intl/ALL_ca/ads/index.html]
[www.youtube.com/intl/es_us/ads/resources/best-practices/index.html]
[www.youtube.com/intl/es_us/ads/resources/measurement-tools/index.html]
[www.youtube.com/intl/es_us/ads/resources/success-stories/index.html]
[www.youtube.com/intl/es_us/ads/resources/creator-promotions/index.html]
[www.youtube.com/intl/es_us/ads/faqs/index.html]
[www.youtube.com/intl/fr_catel_1-877-763-9810.171.delayed]
[www.youtube.com/intl/fr_ca/ads/index.html]
[www.youtube.com/intl/ALL_mx/ads/how-it-works/index.html]
[www.youtube.com/intl/ALL_br/ads/how-it-works/create-a-video-ad/index.html]
[www.youtube.com/intl/ALL_br/ads/youtube-for-small-business/index.html]
[www.youtube.com/intl/ALL_br/ads/how-it-works/index.html]
[www.youtube.com/intl/ALL_br/ads/how-it-works/set-up-a-campaign/index.html]
[www.youtube.com/intl/ALL_detel_1-877-763-9810.172.delayed]
[www.youtube.com/intl/ALL_br/ads/how-it-works/set-up-a-campaign/budget/index.html]
[www.youtube.com/intl/ALL_br/ads/how-it-works/set-up-a-campaign/audience/index.html]
[www.youtube.com/intl/ALL_br/ads/how-it-works/measure-your-results/index.html]
[www.youtube.com/intl/ALL_br/ads/news-and-inspiration/index.html]
[www.youtube.com/intl/ALL_de/ads/index.html]
[www.youtube.com/t/impressum.html]
[www.youtube.com/intl/ALL_br/ads/resources/index.html]
[www.youtube.com/intl/ALL_br/ads/resources/creator-promotions/index.html]
[www.youtube.com/intl/ALL_br/ads/resources/measurement-tools/index.html]
[www.youtube.com/intl/ALL_br/ads/resources/creative-resources/index.html]
[www.youtube.com/intl/ALL_frtel_1-877-763-9810.174.delayed]
[www.youtube.com/intl/ALL_br/ads/resources/best-practices/index.html]
[www.youtube.com/intl/ALL_fr/ads/index.html]
[www.youtube.com/intl/ALL_br/ads/faqs/index.html]
[www.youtube.com/intl/ALL_id/ads/index.html]
[www.youtube.com/intl/ALL_br/ads/resources/success-stories/index.html]
[www.youtube.com/intl/en_id/ads/index.html]
[www.youtube.com/intl/ALL_ca/ads/how-it-works/index.html]
[www.youtube.com/intl/ALL_ca/ads/how-it-works/set-up-a-campaign/audience/index.html]
[www.youtube.com/intl/ALL_ca/ads/how-it-works/set-up-a-campaign/budget/index.html]
[www.youtube.com/intl/ALL_ca/ads/news-and-inspiration/index.html]
[www.youtube.com/intl/ALL_ca/ads/how-it-works/measure-your-results/index.html]
[www.youtube.com/intl/ALL_ca/ads/resources/index.html]
[www.youtube.com/intl/ALL_in/ads/index.html]
[www.youtube.com/intl/ALL_ca/ads/resources/creative-resources/index.html]
[www.youtube.com/intl/ALL_ca/ads/resources/creator-promotions/index.html]
[www.youtube.com/intl/ALL_ca/ads/resources/measurement-tools/index.html]
[www.youtube.com/intl/hi_intel_1-877-763-9810.176.delayed]
[www.youtube.com/intl/hi_in/ads/index.html]
[www.youtube.com/intl/ALL_ca/ads/resources/best-practices/index.html]
[www.youtube.com/intl/ALL_ca/ads/resources/success-stories/index.html]
[www.youtube.com/intl/fr_ca/ads/how-it-works/index.html]
[www.youtube.com/intl/ALL_ca/ads/faqs/index.html]
[www.youtube.com/intl/fr_ca/ads/youtube-for-small-business/index.html]
[www.youtube.com/intl/ALL_krtel_1-877-763-9810.177.delayed]
[www.youtube.com/intl/ALL_kr/ads/index.html]
[www.youtube.com/intl/fr_ca/ads/how-it-works/create-a-video-ad/index.html]
[www.youtube.com/intl/fr_ca/ads/how-it-works/set-up-a-campaign/index.html]
[www.youtube.com/intl/fr_ca/ads/how-it-works/set-up-a-campaign/budget/index.html]
[www.youtube.com/intl/fr_ca/ads/how-it-works/set-up-a-campaign/audience/index.html]
[www.youtube.com/intl/fr_ca/ads/how-it-works/measure-your-results/index.html]
[www.youtube.com/intl/ALL_rutel_1-877-763-9810.178.delayed]
[www.youtube.com/intl/fr_ca/ads/news-and-inspiration/index.html]
[www.youtube.com/intl/ALL_ru/ads/index.html]
[www.youtube.com/intl/fr_ca/ads/resources/creator-promotions/index.html]
[www.youtube.com/intl/fr_ca/ads/resources/creative-resources/index.html]
[www.youtube.com/intl/fr_ca/ads/resources/index.html]
[www.youtube.com/intl/ALL_sgtel_1-877-763-9810.179.delayed]
[www.youtube.com/intl/ALL_sg/ads/index.html]
[www.youtube.com/intl/fr_ca/ads/resources/best-practices/index.html]
[www.youtube.com/intl/fr_ca/ads/faqs/index.html]
[www.youtube.com/intl/ALL_de/ads/how-it-works/index.html]
[www.youtube.com/intl/fr_ca/ads/resources/success-stories/index.html]
[www.youtube.com/intl/ALL_de/ads/youtube-for-small-business/index.html]
[www.youtube.com/intl/ALL_thtel_1-877-763-9810.17a.delayed]
[www.youtube.com/intl/ALL_de/ads/how-it-works/set-up-a-campaign/index.html]
[www.youtube.com/intl/ALL_th/ads/index.html]
[www.youtube.com/intl/ALL_de/ads/how-it-works/set-up-a-campaign/budget/index.html]
[www.youtube.com/intl/ALL_de/ads/how-it-works/set-up-a-campaign/audience/index.html]
[www.youtube.com/intl/ALL_de/ads/how-it-works/create-a-video-ad/index.html]
[www.youtube.com/intl/ALL_de/ads/how-it-works/measure-your-results/index.html]
[www.youtube.com/intl/ALL_uatel_1-877-763-9810.17b.delayed]
[www.youtube.com/intl/ALL_ua/ads/index.html]
[www.youtube.com/intl/ALL_de/ads/resources/creative-resources/index.html]
[www.youtube.com/intl/ALL_de/ads/news-and-inspiration/index.html]
[www.youtube.com/intl/ALL_de/ads/resources/index.html]
[www.youtube.com/intl/ALL_de/ads/resources/creator-promotions/index.html]
[www.youtube.com/intl/ALL_de/ads/resources/measurement-tools/index.html]
[www.youtube.com/intl/ALL_vntel_1-877-763-9810.17c.delayed]
[www.youtube.com/intl/ALL_vn/ads/index.html]
[www.youtube.com/intl/ALL_de/ads/resources/best-practices/index.html]
[www.youtube.com/intl/ALL_de/ads/resources/success-stories/index.html]
[www.youtube.com/intl/ALL_fr/ads/how-it-works/index.html]
[www.youtube.com/intl/ALL_de/ads/faqs/index.html]
[www.youtube.com/intl/ALL_fr/ads/youtube-for-small-business/index.html]
[www.youtube.com/intl/ALL_jptel_1-877-763-9810.17d.delayed]
[www.youtube.com/intl/ALL_jp/ads/index.html]
[www.youtube.com/intl/ALL_fr/ads/how-it-works/set-up-a-campaign/budget/index.html]
[www.youtube.com/intl/ALL_fr/ads/how-it-works/create-a-video-ad/index.html]
[www.youtube.com/intl/ALL_ae/ads/index.html]
[www.youtube.com/intl/ALL_fr/ads/how-it-works/set-up-a-campaign/index.html]
[www.youtube.com/intl/ALL_fr/ads/how-it-works/set-up-a-campaign/audience/index.html]
[www.youtube.com/intl/ALL_fr/ads/how-it-works/measure-your-results/index.html]
[www.youtube.com/intl/ALL_fr/ads/news-and-inspiration/index.html]
[www.youtube.com/intl/en_aetel_1-877-763-9810.17e.delayed]
[www.youtube.com/intl/en_ae/ads/index.html]
[www.youtube.com/intl/ALL_fr/ads/resources/measurement-tools/index.html]
[www.youtube.com/intl/ALL_fr/ads/resources/creative-resources/index.html]
[www.youtube.com/intl/ALL_fr/ads/resources/creator-promotions/index.html]
[www.youtube.com/intl/ALL_fr/ads/resources/index.html]
[www.youtube.com/intl/ALL_fr/ads/resources/best-practices/index.html]
[www.youtube.com/intl/ALL_autel_1-877-763-9810.17f.delayed]
[www.youtube.com/intl/ALL_au/ads/index.html]
[www.youtube.com/intl/ALL_fr/ads/resources/success-stories/index.html]
[www.youtube.com/intl/ALL_id/ads/how-it-works/index.html]
[www.youtube.com/intl/ALL_id/ads/youtube-for-small-business/index.html]
[www.youtube.com/intl/ALL_fr/ads/faqs/index.html]
[www.youtube.com/intl/ALL_id/ads/how-it-works/create-a-video-ad/index.html]
[www.youtube.com/intl/ALL_cntel_1-877-763-9810.180.delayed]
[www.youtube.com/intl/ALL_cn/ads/index.html]
[www.youtube.com/intl/ALL_id/ads/how-it-works/set-up-a-campaign/index.html]
[www.youtube.com/intl/ALL_id/ads/news-and-inspiration/index.html]
[www.youtube.com/intl/ALL_id/ads/how-it-works/set-up-a-campaign/audience/index.html]
[www.youtube.com/intl/ALL_id/ads/how-it-works/set-up-a-campaign/budget/index.html]
[www.youtube.com/intl/ALL_id/ads/how-it-works/measure-your-results/index.html]
[www.youtube.com/intl/en_cntel_1-877-763-9810.181.delayed]
[www.youtube.com/intl/en_cn/ads/index.html]
[www.youtube.com/intl/ALL_id/ads/resources/measurement-tools/index.html]
[www.youtube.com/intl/ALL_id/ads/resources/index.html]
[www.youtube.com/intl/ALL_id/ads/resources/creative-resources/index.html]
[www.youtube.com/intl/ALL_estel_1-877-763-9810.182.delayed]
[www.youtube.com/intl/ALL_id/ads/resources/best-practices/index.html]
[www.youtube.com/intl/ALL_es/ads/index.html]
[www.youtube.com/intl/ALL_id/ads/resources/success-stories/index.html]
[www.youtube.com/intl/ALL_id/ads/faqs/index.html]
[www.youtube.com/intl/en_id/ads/how-it-works/index.html]
[www.youtube.com/intl/en_id/ads/youtube-for-small-business/index.html]
[www.youtube.com/intl/en_id/ads/how-it-works/create-a-video-ad/index.html]
[www.youtube.com/intl/ALL_hktel_1-877-763-9810.183.delayed]
[www.youtube.com/intl/ALL_hk/ads/index.html]
[www.youtube.com/intl/en_id/ads/how-it-works/set-up-a-campaign/budget/index.html]
[www.youtube.com/intl/en_id/ads/how-it-works/set-up-a-campaign/audience/index.html]
[www.youtube.com/intl/en_id/ads/how-it-works/measure-your-results/index.html]
[www.youtube.com/intl/en_id/ads/news-and-inspiration/index.html]
[www.youtube.com/intl/en_id/ads/how-it-works/set-up-a-campaign/index.html]
[www.youtube.com/intl/en_hktel_1-877-763-9810.184.delayed]
[www.youtube.com/intl/en_hk/ads/index.html]
[www.youtube.com/intl/en_id/ads/resources/index.html]
[www.youtube.com/intl/en_id/ads/resources/best-practices/index.html]
[www.youtube.com/intl/en_id/ads/resources/success-stories/index.html]
[www.youtube.com/intl/en_id/ads/resources/measurement-tools/index.html]
[www.youtube.com/intl/en_id/ads/resources/creative-resources/index.html]
[www.youtube.com/intl/ALL_iltel_1-877-763-9810.185.delayed]
[www.youtube.com/intl/ALL_il/ads/index.html]
[www.youtube.com/intl/en_id/ads/faqs/index.html]
[www.youtube.com/intl/ALL_in/ads/how-it-works/index.html]
[www.youtube.com/intl/ALL_in/ads/youtube-for-small-business/index.html]
[www.youtube.com/intl/ALL_in/ads/how-it-works/create-a-video-ad/index.html]
[www.youtube.com/intl/en_iltel_1-877-763-9810.186.delayed]
[www.youtube.com/intl/en_il/ads/index.html]
[www.youtube.com/intl/ALL_in/ads/how-it-works/set-up-a-campaign/index.html]
[www.youtube.com/intl/ALL_in/ads/how-it-works/set-up-a-campaign/audience/index.html]
[www.youtube.com/intl/ALL_in/ads/how-it-works/measure-your-results/index.html]
[www.youtube.com/intl/ALL_in/ads/news-and-inspiration/index.html]
[www.youtube.com/intl/ALL_in/ads/how-it-works/set-up-a-campaign/budget/index.html]
[www.youtube.com/intl/ALL_ittel_1-877-763-9810.187.delayed]
[www.youtube.com/intl/ALL_it/ads/index.html]
[www.youtube.com/intl/ALL_in/ads/resources/creator-promotions/index.html]
[www.youtube.com/intl/ALL_in/ads/resources/index.html]
[www.youtube.com/intl/ALL_in/ads/resources/measurement-tools/index.html]
[www.youtube.com/intl/ALL_in/ads/resources/creative-resources/index.html]
[www.youtube.com/intl/ALL_in/ads/resources/best-practices/index.html]
[www.youtube.com/intl/ALL_mxtel_1-877-763-9810.188.delayed]
[www.youtube.com/intl/hi_in/ads/youtube-for-small-business/index.html]
[www.youtube.com/intl/ALL_mx/ads/index.html]
[www.youtube.com/intl/ALL_in/ads/resources/success-stories/index.html]
[www.youtube.com/intl/hi_in/ads/how-it-works/index.html]
[www.youtube.com/intl/ALL_in/ads/faqs/index.html]
[www.youtube.com/intl/hi_in/ads/how-it-works/create-a-video-ad/index.html]
[www.youtube.com/intl/ALL_pltel_1-877-763-9810.189.delayed]
[www.youtube.com/intl/ALL_pl/ads/index.html]
[www.youtube.com/intl/hi_in/ads/how-it-works/set-up-a-campaign/budget/index.html]
[www.youtube.com/intl/hi_in/ads/how-it-works/measure-your-results/index.html]
[www.youtube.com/intl/hi_in/ads/how-it-works/set-up-a-campaign/audience/index.html]
[www.youtube.com/intl/hi_in/ads/how-it-works/set-up-a-campaign/index.html]
[www.youtube.com/intl/ALL_trtel_1-877-763-9810.18a.delayed]
[www.youtube.com/intl/ALL_tr/ads/index.html]
[www.youtube.com/intl/hi_in/ads/news-and-inspiration/index.html]
[www.youtube.com/intl/hi_in/ads/resources/measurement-tools/index.html]
[www.youtube.com/intl/hi_in/ads/resources/index.html]
[www.youtube.com/intl/hi_in/ads/resources/creative-resources/index.html]
[www.youtube.com/intl/hi_in/ads/resources/creator-promotions/index.html]
[www.youtube.com/intl/ALL_twtel_1-877-763-9810.18b.delayed]
[www.youtube.com/intl/ALL_tw/ads/index.html]
[www.youtube.com/intl/hi_in/ads/faqs/index.html]
[www.youtube.com/intl/hi_in/ads/resources/success-stories/index.html]
[www.youtube.com/intl/hi_in/ads/resources/best-practices/index.html]
[www.youtube.com/intl/ALL_kr/ads/how-it-works/index.html]
[www.youtube.com/intl/ALL_kr/ads/youtube-for-small-business/index.html]
[www.youtube.com/intl/ALL_uktel_1-877-763-9810.18c.delayed]
[www.youtube.com/intl/ALL_uk/ads/index.html]
[www.youtube.com/intl/ALL_kr/ads/how-it-works/set-up-a-campaign/audience/index.html]
[www.youtube.com/intl/ALL_kr/ads/how-it-works/set-up-a-campaign/index.html]
[www.youtube.com/intl/ALL_kr/ads/how-it-works/set-up-a-campaign/budget/index.html]
[www.youtube.com/intl/ALL_kr/ads/how-it-works/create-a-video-ad/index.html]
[www.youtube.com/intl/ALL_kr/ads/how-it-works/measure-your-results/index.html]
[www.youtube.com/intl/ALL_artel_1-877-763-9810.18d.delayed]
[www.youtube.com/intl/ALL_ar/ads/index.html]
[www.youtube.com/intl/ALL_kr/ads/news-and-inspiration/index.html]
[www.youtube.com/intl/ALL_kr/ads/resources/index.html]
[www.youtube.com/intl/ALL_kr/ads/resources/creative-resources/index.html]
[www.youtube.com/intl/ALL_kr/ads/resources/creator-promotions/index.html]
[www.youtube.com/intl/ALL_kr/ads/resources/measurement-tools/index.html]
[www.youtube.com/intl/ALL_cotel_1-877-763-9810.18e.delayed]
[www.youtube.com/intl/ALL_co/ads/index.html]
[www.youtube.com/intl/ALL_kr/ads/resources/best-practices/index.html]
[www.youtube.com/intl/ALL_kr/ads/resources/success-stories/index.html]
[www.youtube.com/intl/ALL_ru/ads/how-it-works/index.html]
[www.youtube.com/intl/ALL_kr/ads/faqs/index.html]
[www.youtube.com/intl/ALL_ru/ads/youtube-for-small-business/index.html]
[www.youtube.com/intl/ALL_cltel_1-877-763-9810.18f.delayed]
[www.youtube.com/intl/ALL_ru/ads/how-it-works/set-up-a-campaign/index.html]
[www.youtube.com/intl/ALL_cl/ads/index.html]
[www.youtube.com/intl/ALL_ru/ads/how-it-works/create-a-video-ad/index.html]
[www.youtube.com/intl/ALL_ru/ads/how-it-works/set-up-a-campaign/audience/index.html]
[www.youtube.com/intl/ALL_ru/ads/how-it-works/set-up-a-campaign/budget/index.html]
[www.youtube.com/intl/ALL_ru/ads/how-it-works/measure-your-results/index.html]
[www.youtube.com/intl/ALL_petel_1-877-763-9810.190.delayed]
[www.youtube.com/intl/ALL_pe/ads/index.html]
[www.youtube.com/intl/ALL_ru/ads/resources/index.html]
[www.youtube.com/intl/ALL_ru/ads/news-and-inspiration/index.html]
[www.youtube.com/intl/ALL_ru/ads/resources/measurement-tools/index.html]
[www.youtube.com/intl/ALL_ru/ads/resources/creative-resources/index.html]
[www.youtube.com/intl/ALL_nltel_1-877-763-9810.191.delayed]
[www.youtube.com/intl/ALL_nl/ads/index.html]
[www.youtube.com/intl/ALL_ru/ads/resources/best-practices/index.html]
[www.youtube.com/intl/ALL_ru/ads/faqs/index.html]
[www.youtube.com/intl/ALL_ru/ads/resources/success-stories/index.html]
[www.youtube.com/intl/ALL_sg/ads/how-it-works/index.html]
[www.youtube.com/intl/ALL_sg/ads/youtube-for-small-business/index.html]
[www.youtube.com/intl/ALL_setel_1-877-763-9810.192.delayed]
[www.youtube.com/intl/ALL_se/ads/index.html]
[www.youtube.com/intl/ALL_sg/ads/how-it-works/set-up-a-campaign/index.html]
[www.youtube.com/intl/ALL_sg/ads/how-it-works/set-up-a-campaign/budget/index.html]
[www.youtube.com/intl/ALL_sg/ads/how-it-works/set-up-a-campaign/audience/index.html]
[www.youtube.com/intl/ALL_sg/ads/how-it-works/create-a-video-ad/index.html]
[www.youtube.com/intl/ALL_sg/ads/how-it-works/measure-your-results/index.html]
[www.youtube.com/intl/en_mytel_1-877-763-9810.193.delayed]
[www.youtube.com/intl/en_my/ads/index.html]
[www.youtube.com/intl/ALL_sg/ads/resources/measurement-tools/index.html]
[www.youtube.com/intl/ALL_sg/ads/resources/index.html]
[www.youtube.com/intl/ALL_sg/ads/news-and-inspiration/index.html]
[www.youtube.com/intl/ALL_sg/ads/resources/creative-resources/index.html]
[www.youtube.com/intl/ALL_sg/ads/resources/best-practices/index.html]
[www.youtube.com/intl/ms_mytel_1-877-763-9810.194.delayed]
[www.youtube.com/intl/ALL_sg/ads/resources/success-stories/index.html]
[www.youtube.com/intl/ms_my/ads/index.html]
[www.youtube.com/intl/ALL_th/ads/youtube-for-small-business/index.html]
[www.youtube.com/intl/ALL_sg/ads/faqs/index.html]
[www.youtube.com/intl/ALL_th/ads/how-it-works/index.html]
[www.youtube.com/intl/ALL_th/ads/how-it-works/create-a-video-ad/index.html]
[www.youtube.com/intl/en_ustel_1-877-763-9810.195.delayed]
[www.youtube.com/intl/en_us/ads/index.html]
[www.youtube.com/intl/ALL_th/ads/how-it-works/set-up-a-campaign/audience/index.html]
[www.youtube.com/intl/ALL_th/ads/how-it-works/set-up-a-campaign/budget/index.html]
[fonts.googleapis.com/cssb275.css]
[www.youtube.com/intl/ALL_th/ads/how-it-works/measure-your-results/index.html]
[fonts.googleapis.com/css7f47.css]
[www.youtube.com/intl/ALL_th/ads/how-it-works/set-up-a-campaign/index.html]
[www.youtube.com/intl/ALL_th/ads/resources/index.html]
[www.youtube.com/intl/ALL_th/ads/news-and-inspiration/index.html]
[www.youtube.com/intl/ALL_th/ads/resources/creative-resources/index.html]
[www.youtube.com/intl/ALL_th/ads/resources/measurement-tools/index.html]
[www.youtube.com/intl/ALL_th/ads/resources/best-practices/index.html]
[fonts.gstatic.com/s/googlesymbols/v291/HhzMU5Ak9u-oMExPeInvcuEmPosC9zyteYEFU68cPrjdKM1XLPTxlGmzczpgWvF1d8Yp7AudBnt3CPar1JFWjoLAUv3GmtSNljixIIGUsC62cYrLiAk.ttf]
[www.youtube.com/intl/ALL_th/ads/faqs/index.html]
[www.youtube.com/intl/ALL_ua/ads/how-it-works/index.html]
[www.youtube.com/intl/ALL_ua/ads/youtube-for-small-business/index.html]
[fonts.gstatic.com/s/googlesymbols/v291/HhzMU5Ak9u-oMExPeInvcuEmPosC9zyteYEFU68cPrjdKM1XLPTxlGmzczpgWvF1d8Yp7AudBnt3CPar1JFWjoLAUv3GeteNljixIIGUsC62cYrLiAk.ttf]
[www.youtube.com/intl/ALL_ua/ads/how-it-works/create-a-video-ad/index.html]
[fonts.gstatic.com/s/googlesymbols/v291/HhzMU5Ak9u-oMExPeInvcuEmPosC9zyteYEFU68cvofdKM1XLPTxlGmzczpgWvF1d8Yp7AudBnt3CPar1JFWjoLAUv3GmtSNljixIIGUsC62cYrLiAk.ttf]
[www.youtube.com/intl/ALL_ua/ads/how-it-works/set-up-a-campaign/index.html]
[fonts.gstatic.com/s/googlesymbols/v291/HhzMU5Ak9u-oMExPeInvcuEmPosC9zyteYEFU68cvofdKM1XLPTxlGmzczpgWvF1d8Yp7AudBnt3CPar1JFWjoLAUv3G-tSNljixIIGUsC62cYrLiAk.ttf]
[www.youtube.com/intl/ALL_ua/ads/how-it-works/set-up-a-campaign/audience/index.html]
[fonts.gstatic.com/s/googlesymbols/v291/HhzMU5Ak9u-oMExPeInvcuEmPosC9zyteYEFU68cvofdKM1XLPTxlGmzczpgWvF1d8Yp7AudBnt3CPar1JFWjoLAUv3G2tSNljixIIGUsC62cYrLiAk.ttf]
[www.youtube.com/intl/ALL_ua/ads/how-it-works/set-up-a-campaign/budget/index.html]
[fonts.gstatic.com/s/googlesymbols/v291/HhzMU5Ak9u-oMExPeInvcuEmPosC9zyteYEFU68cvofdKM1XLPTxlGmzczpgWvF1d8Yp7AudBnt3CPar1JFWjoLAUv3GKteNljixIIGUsC62cYrLiAk.ttf]
[www.youtube.com/intl/ALL_ua/ads/news-and-inspiration/index.html]
[www.youtube.com/intl/ALL_ua/ads/how-it-works/measure-your-results/index.html]
[www.youtube.com/intl/ALL_ua/ads/resources/index.html]
[fonts.gstatic.com/s/googlesymbols/v291/HhzMU5Ak9u-oMExPeInvcuEmPosC9zyteYEFU68cvofdKM1XLPTxlGmzczpgWvF1d8Yp7AudBnt3CPar1JFWjoLAUv3GeteNljixIIGUsC62cYrLiAk.ttf]
[www.youtube.com/intl/ALL_ua/ads/resources/creative-resources/index.html]
[www.youtube.com/intl/ALL_ua/ads/resources/best-practices/index.html]
[www.youtube.com/intl/ALL_ua/ads/resources/measurement-tools/index.html]
[fonts.gstatic.com/s/googlesymbols/v291/HhzMU5Ak9u-oMExPeInvcuEmPosC9zyteYEFU68cPrjdKM1XLPTxlGmzczpgWvF1d8Yp7AudBnt3CPar1JFWjoLAUv3GmtSNljixIIGUsC62cQrKiAk.ttf]
[www.youtube.com/intl/ALL_ua/ads/resources/success-stories/index.html]
[www.youtube.com/intl/ALL_ua/ads/faqs/index.html]
[www.youtube.com/intl/ALL_vn/ads/how-it-works/index.html]
[fonts.gstatic.com/s/googlesymbols/v291/HhzMU5Ak9u-oMExPeInvcuEmPosC9zyteYEFU68cPrjdKM1XLPTxlGmzczpgWvF1d8Yp7AudBnt3CPar1JFWjoLAUv3G-tSNljixIIGUsC62cQrKiAk.ttf]
[www.youtube.com/intl/ALL_vn/ads/youtube-for-small-business/index.html]
[www.youtube.com/intl/ALL_vn/ads/how-it-works/create-a-video-ad/index.html]
[www.youtube.com/intl/ALL_vn/ads/how-it-works/set-up-a-campaign/index.html]
[www.youtube.com/intl/ALL_vn/ads/how-it-works/set-up-a-campaign/audience/index.html]
[www.youtube.com/intl/ALL_vn/ads/how-it-works/measure-your-results/index.html]
[www.youtube.com/intl/ALL_vn/ads/how-it-works/set-up-a-campaign/budget/index.html]
[fonts.gstatic.com/s/googlesymbols/v291/HhzMU5Ak9u-oMExPeInvcuEmPosC9zyteYEFU68cPrjdKM1XLPTxlGmzczpgWvF1d8Yp7AudBnt3CPar1JFWjoLAUv3G2tSNljixIIGUsC62cQrKiAk.ttf]
[www.youtube.com/intl/ALL_vn/ads/news-and-inspiration/index.html]
[www.youtube.com/intl/ALL_vn/ads/resources/creative-resources/index.html]
[www.youtube.com/intl/ALL_vn/ads/resources/index.html]
[fonts.gstatic.com/s/googlesymbols/v291/HhzMU5Ak9u-oMExPeInvcuEmPosC9zyteYEFU68cPrjdKM1XLPTxlGmzczpgWvF1d8Yp7AudBnt3CPar1JFWjoLAUv3GKteNljixIIGUsC62cQrKiAk.ttf]
[www.youtube.com/intl/ALL_vn/ads/resources/measurement-tools/index.html]
[www.youtube.com/intl/ALL_vn/ads/resources/success-stories/index.html]
[www.youtube.com/intl/ALL_vn/ads/resources/best-practices/index.html]
[fonts.gstatic.com/s/googlesymbols/v291/HhzMU5Ak9u-oMExPeInvcuEmPosC9zyteYEFU68cPrjdKM1XLPTxlGmzczpgWvF1d8Yp7AudBnt3CPar1JFWjoLAUv3GeteNljixIIGUsC62cQrKiAk.ttf]
[www.youtube.com/intl/ALL_vn/ads/faqs/index.html]
[www.youtube.com/intl/ALL_jp/ads/youtube-for-small-business/index.html]
[www.youtube.com/intl/ALL_jp/ads/how-it-works/index.html]
[fonts.gstatic.com/s/googlesymbols/v291/HhzMU5Ak9u-oMExPeInvcuEmPosC9zyteYEFU68cvofdKM1XLPTxlGmzczpgWvF1d8Yp7AudBnt3CPar1JFWjoLAUv3GmtSNljixIIGUsC62cQrKiAk.ttf]
[www.youtube.com/intl/ALL_jp/ads/how-it-works/create-a-video-ad/index.html]
[www.youtube.com/intl/ALL_jp/ads/how-it-works/set-up-a-campaign/index.html]
[www.youtube.com/intl/ALL_jp/ads/how-it-works/set-up-a-campaign/audience/index.html]
[fonts.gstatic.com/s/googlesymbols/v291/HhzMU5Ak9u-oMExPeInvcuEmPosC9zyteYEFU68cvofdKM1XLPTxlGmzczpgWvF1d8Yp7AudBnt3CPar1JFWjoLAUv3G-tSNljixIIGUsC62cQrKiAk.ttf]
[www.youtube.com/intl/ALL_jp/ads/how-it-works/measure-your-results/index.html]
[www.youtube.com/intl/ALL_jp/ads/how-it-works/set-up-a-campaign/budget/index.html]
[www.youtube.com/intl/ALL_jp/ads/news-and-inspiration/index.html]
[www.youtube.com/intl/ALL_jp/ads/resources/index.html]
[www.youtube.com/intl/ALL_jp/ads/resources/creative-resources/index.html]
[www.youtube.com/intl/ALL_jp/ads/resources/creator-promotions/index.html]
[www.youtube.com/intl/ALL_jp/ads/resources/measurement-tools/index.html]
[www.youtube.com/intl/ALL_jp/ads/resources/best-practices/index.html]
[fonts.gstatic.com/s/googlesymbols/v291/HhzMU5Ak9u-oMExPeInvcuEmPosC9zyteYEFU68cvofdKM1XLPTxlGmzczpgWvF1d8Yp7AudBnt3CPar1JFWjoLAUv3G2tSNljixIIGUsC62cQrKiAk.ttf]
[www.youtube.com/intl/ALL_jp/ads/resources/success-stories/index.html]
[www.youtube.com/intl/ALL_jp/ads/faqs/index.html]
[www.youtube.com/intl/ALL_ae/ads/how-it-works/index.html]
[fonts.gstatic.com/s/googlesymbols/v291/HhzMU5Ak9u-oMExPeInvcuEmPosC9zyteYEFU68cvofdKM1XLPTxlGmzczpgWvF1d8Yp7AudBnt3CPar1JFWjoLAUv3GKteNljixIIGUsC62cQrKiAk.ttf]
[www.youtube.com/intl/ALL_ae/ads/youtube-for-small-business/index.html]
[www.youtube.com/intl/ALL_ae/ads/how-it-works/create-a-video-ad/index.html]
[www.youtube.com/intl/ALL_ae/ads/how-it-works/set-up-a-campaign/index.html]
[fonts.gstatic.com/s/googlesymbols/v291/HhzMU5Ak9u-oMExPeInvcuEmPosC9zyteYEFU68cvofdKM1XLPTxlGmzczpgWvF1d8Yp7AudBnt3CPar1JFWjoLAUv3GeteNljixIIGUsC62cQrKiAk.ttf]
[www.youtube.com/intl/ALL_ae/ads/how-it-works/set-up-a-campaign/audience/index.html]
[www.youtube.com/intl/ALL_ae/ads/how-it-works/set-up-a-campaign/budget/index.html]
[www.youtube.com/intl/ALL_ae/ads/how-it-works/measure-your-results/index.html]
[www.youtube.com/intl/ALL_ae/ads/resources/index.html]
[www.youtube.com/intl/ALL_ae/ads/news-and-inspiration/index.html]
[fonts.gstatic.com/s/googlesymbols/v291/HhzMU5Ak9u-oMExPeInvcuEmPosC9zyteYEFU68cPrjdKM1XLPTxlGmzczpgWvF1d8Yp7AudBnt3CPar1JFWjoLAUv3GmtSNljixIIGUsC62cdTKiAk.ttf]
[www.youtube.com/intl/ALL_ae/ads/resources/measurement-tools/index.html]
[www.youtube.com/intl/ALL_ae/ads/resources/creative-resources/index.html]
[www.youtube.com/intl/ALL_ae/ads/resources/best-practices/index.html]
[fonts.gstatic.com/s/googlesymbols/v291/HhzMU5Ak9u-oMExPeInvcuEmPosC9zyteYEFU68cPrjdKM1XLPTxlGmzczpgWvF1d8Yp7AudBnt3CPar1JFWjoLAUv3G-tSNljixIIGUsC62cdTKiAk.ttf]
[www.youtube.com/intl/ALL_ae/ads/faqs/index.html]
[www.youtube.com/intl/ALL_ae/ads/resources/success-stories/index.html]
[www.youtube.com/intl/en_ae/ads/how-it-works/index.html]
[fonts.gstatic.com/s/googlesymbols/v291/HhzMU5Ak9u-oMExPeInvcuEmPosC9zyteYEFU68cPrjdKM1XLPTxlGmzczpgWvF1d8Yp7AudBnt3CPar1JFWjoLAUv3G2tSNljixIIGUsC62cdTKiAk.ttf]
[www.youtube.com/intl/en_ae/ads/youtube-for-small-business/index.html]
[www.youtube.com/intl/en_ae/ads/how-it-works/create-a-video-ad/index.html]
[www.youtube.com/intl/en_ae/ads/how-it-works/set-up-a-campaign/index.html]
[fonts.gstatic.com/s/googlesymbols/v291/HhzMU5Ak9u-oMExPeInvcuEmPosC9zyteYEFU68cPrjdKM1XLPTxlGmzczpgWvF1d8Yp7AudBnt3CPar1JFWjoLAUv3GKteNljixIIGUsC62cdTKiAk.ttf]
[www.youtube.com/intl/en_ae/ads/how-it-works/measure-your-results/index.html]
[www.youtube.com/intl/en_ae/ads/how-it-works/set-up-a-campaign/audience/index.html]
[www.youtube.com/intl/en_ae/ads/how-it-works/set-up-a-campaign/budget/index.html]
[fonts.gstatic.com/s/googlesymbols/v291/HhzMU5Ak9u-oMExPeInvcuEmPosC9zyteYEFU68cPrjdKM1XLPTxlGmzczpgWvF1d8Yp7AudBnt3CPar1JFWjoLAUv3GeteNljixIIGUsC62cdTKiAk.ttf]
[www.youtube.com/intl/en_ae/ads/resources/creative-resources/index.html]
[www.youtube.com/intl/en_ae/ads/resources/index.html]
[www.youtube.com/intl/en_ae/ads/news-and-inspiration/index.html]
[fonts.gstatic.com/s/googlesymbols/v291/HhzMU5Ak9u-oMExPeInvcuEmPosC9zyteYEFU68cvofdKM1XLPTxlGmzczpgWvF1d8Yp7AudBnt3CPar1JFWjoLAUv3GmtSNljixIIGUsC62cdTKiAk.ttf]
[www.youtube.com/intl/en_ae/ads/resources/measurement-tools/index.html]
[www.youtube.com/intl/en_ae/ads/resources/best-practices/index.html]
[www.youtube.com/intl/en_ae/ads/resources/success-stories/index.html]
[fonts.gstatic.com/s/googlesymbols/v291/HhzMU5Ak9u-oMExPeInvcuEmPosC9zyteYEFU68cvofdKM1XLPTxlGmzczpgWvF1d8Yp7AudBnt3CPar1JFWjoLAUv3G-tSNljixIIGUsC62cdTKiAk.ttf]
[www.youtube.com/intl/en_ae/ads/faqs/index.html]
[www.youtube.com/intl/ALL_au/ads/how-it-works/index.html]
[www.youtube.com/intl/ALL_au/ads/youtube-for-small-business/index.html]
[www.youtube.com/intl/ALL_au/ads/how-it-works/create-a-video-ad/index.html]
[www.youtube.com/intl/ALL_au/ads/how-it-works/set-up-a-campaign/index.html]
[fonts.gstatic.com/s/googlesymbols/v291/HhzMU5Ak9u-oMExPeInvcuEmPosC9zyteYEFU68cvofdKM1XLPTxlGmzczpgWvF1d8Yp7AudBnt3CPar1JFWjoLAUv3G2tSNljixIIGUsC62cdTKiAk.ttf]
[www.youtube.com/intl/ALL_au/ads/how-it-works/set-up-a-campaign/audience/index.html]
[www.youtube.com/intl/ALL_au/ads/how-it-works/set-up-a-campaign/budget/index.html]
[www.youtube.com/intl/ALL_au/ads/how-it-works/measure-your-results/index.html]
[fonts.gstatic.com/s/googlesymbols/v291/HhzMU5Ak9u-oMExPeInvcuEmPosC9zyteYEFU68cvofdKM1XLPTxlGmzczpgWvF1d8Yp7AudBnt3CPar1JFWjoLAUv3GKteNljixIIGUsC62cdTKiAk.ttf]
[www.youtube.com/intl/ALL_au/ads/resources/creative-resources/index.html]
[www.youtube.com/intl/ALL_au/ads/news-and-inspiration/index.html]
[www.youtube.com/intl/ALL_au/ads/resources/index.html]
[fonts.gstatic.com/s/googlesymbols/v291/HhzMU5Ak9u-oMExPeInvcuEmPosC9zyteYEFU68cvofdKM1XLPTxlGmzczpgWvF1d8Yp7AudBnt3CPar1JFWjoLAUv3GeteNljixIIGUsC62cdTKiAk.ttf]
[www.youtube.com/intl/ALL_au/ads/resources/creator-promotions/index.html]
[www.youtube.com/intl/ALL_au/ads/resources/measurement-tools/index.html]
[fonts.gstatic.com/s/googlesymbols/v291/HhzMU5Ak9u-oMExPeInvcuEmPosC9zyteYEFU68cPrjdKM1XLPTxlGmzczpgWvF1d8Yp7AudBnt3CPar1JFWjoLAUv3GmtSNljixIIGUsC62cYrKiAk.ttf]
[www.youtube.com/intl/ALL_au/ads/resources/success-stories/index.html]
[www.youtube.com/intl/ALL_au/ads/faqs/index.html]
[www.youtube.com/intl/ALL_au/ads/resources/best-practices/index.html]
[www.youtube.com/intl/ALL_cn/ads/how-it-works/index.html]
[fonts.gstatic.com/s/googlesymbols/v291/HhzMU5Ak9u-oMExPeInvcuEmPosC9zyteYEFU68cPrjdKM1XLPTxlGmzczpgWvF1d8Yp7AudBnt3CPar1JFWjoLAUv3G-tSNljixIIGUsC62cYrKiAk.ttf]
[www.youtube.com/intl/ALL_cn/ads/youtube-for-small-business/index.html]
[www.youtube.com/intl/ALL_cn/ads/how-it-works/create-a-video-ad/index.html]
[www.youtube.com/intl/ALL_cn/ads/how-it-works/set-up-a-campaign/index.html]
[fonts.gstatic.com/s/googlesymbols/v291/HhzMU5Ak9u-oMExPeInvcuEmPosC9zyteYEFU68cPrjdKM1XLPTxlGmzczpgWvF1d8Yp7AudBnt3CPar1JFWjoLAUv3G2tSNljixIIGUsC62cYrKiAk.ttf]
[www.youtube.com/intl/ALL_cn/ads/how-it-works/set-up-a-campaign/audience/index.html]
[www.youtube.com/intl/ALL_cn/ads/how-it-works/measure-your-results/index.html]
[www.youtube.com/intl/ALL_cn/ads/how-it-works/set-up-a-campaign/budget/index.html]
[fonts.gstatic.com/s/googlesymbols/v291/HhzMU5Ak9u-oMExPeInvcuEmPosC9zyteYEFU68cPrjdKM1XLPTxlGmzczpgWvF1d8Yp7AudBnt3CPar1JFWjoLAUv3GKteNljixIIGUsC62cYrKiAk.ttf]
[www.youtube.com/intl/ALL_cn/ads/news-and-inspiration/index.html]
[www.youtube.com/intl/ALL_cn/ads/resources/index.html]
[www.youtube.com/intl/ALL_cn/ads/resources/best-practices/index.html]
[www.youtube.com/intl/ALL_cn/ads/resources/measurement-tools/index.html]
[www.youtube.com/intl/ALL_cn/ads/resources/creative-resources/index.html]
[fonts.gstatic.com/s/googlesymbols/v291/HhzMU5Ak9u-oMExPeInvcuEmPosC9zyteYEFU68cPrjdKM1XLPTxlGmzczpgWvF1d8Yp7AudBnt3CPar1JFWjoLAUv3GeteNljixIIGUsC62cYrKiAk.ttf]
[www.youtube.com/intl/ALL_cn/ads/resources/success-stories/index.html]
[www.youtube.com/intl/en_cn/ads/youtube-for-small-business/index.html]
[www.youtube.com/intl/ALL_cn/ads/faqs/index.html]
[www.youtube.com/intl/en_cn/ads/how-it-works/index.html]
[fonts.gstatic.com/s/googlesymbols/v291/HhzMU5Ak9u-oMExPeInvcuEmPosC9zyteYEFU68cvofdKM1XLPTxlGmzczpgWvF1d8Yp7AudBnt3CPar1JFWjoLAUv3GmtSNljixIIGUsC62cYrKiAk.ttf]
[www.youtube.com/intl/en_cn/ads/how-it-works/create-a-video-ad/index.html]
[www.youtube.com/intl/en_cn/ads/how-it-works/set-up-a-campaign/audience/index.html]
[www.youtube.com/intl/en_cn/ads/how-it-works/set-up-a-campaign/index.html]
[fonts.gstatic.com/s/googlesymbols/v291/HhzMU5Ak9u-oMExPeInvcuEmPosC9zyteYEFU68cvofdKM1XLPTxlGmzczpgWvF1d8Yp7AudBnt3CPar1JFWjoLAUv3G-tSNljixIIGUsC62cYrKiAk.ttf]
[www.youtube.com/intl/en_cn/ads/how-it-works/set-up-a-campaign/budget/index.html]
[www.youtube.com/intl/en_cn/ads/news-and-inspiration/index.html]
[www.youtube.com/intl/en_cn/ads/how-it-works/measure-your-results/index.html]
[fonts.gstatic.com/s/googlesymbols/v291/HhzMU5Ak9u-oMExPeInvcuEmPosC9zyteYEFU68cvofdKM1XLPTxlGmzczpgWvF1d8Yp7AudBnt3CPar1JFWjoLAUv3G2tSNljixIIGUsC62cYrKiAk.ttf]
[www.youtube.com/intl/en_cn/ads/resources/index.html]
[www.youtube.com/intl/en_cn/ads/resources/creative-resources/index.html]
[www.youtube.com/intl/en_cn/ads/resources/measurement-tools/index.html]
[www.youtube.com/intl/en_cn/ads/resources/best-practices/index.html]
[www.youtube.com/intl/en_cn/ads/resources/success-stories/index.html]
[fonts.gstatic.com/s/googlesymbols/v291/HhzMU5Ak9u-oMExPeInvcuEmPosC9zyteYEFU68cvofdKM1XLPTxlGmzczpgWvF1d8Yp7AudBnt3CPar1JFWjoLAUv3GKteNljixIIGUsC62cYrKiAk.ttf]
[www.youtube.com/intl/en_cn/ads/faqs/index.html]
[www.youtube.com/intl/ALL_es/ads/how-it-works/index.html]
[www.youtube.com/intl/ALL_es/ads/youtube-for-small-business/index.html]
[fonts.gstatic.com/s/googlesymbols/v291/HhzMU5Ak9u-oMExPeInvcuEmPosC9zyteYEFU68cvofdKM1XLPTxlGmzczpgWvF1d8Yp7AudBnt3CPar1JFWjoLAUv3GeteNljixIIGUsC62cYrKiAk.ttf]
[www.youtube.com/intl/ALL_es/ads/how-it-works/set-up-a-campaign/audience/index.html]
[www.youtube.com/intl/ALL_es/ads/how-it-works/set-up-a-campaign/index.html]
[www.youtube.com/intl/ALL_es/ads/how-it-works/create-a-video-ad/index.html]
[fonts.gstatic.com/s/googlesymbols/v291/HhzMU5Ak9u-oMExPeInvcuEmPosC9zyteYEFU68cPrjdKM1XLPTxlGmzczpgWvF1d8Yp7AudBnt3CPar1JFWjoLAUv3GmtSNljixIIGUsC62cbjKiAk.ttf]
[www.youtube.com/intl/ALL_es/ads/how-it-works/measure-your-results/index.html]
[www.youtube.com/intl/ALL_es/ads/how-it-works/set-up-a-campaign/budget/index.html]
[www.youtube.com/intl/ALL_es/ads/news-and-inspiration/index.html]
[fonts.gstatic.com/s/googlesymbols/v291/HhzMU5Ak9u-oMExPeInvcuEmPosC9zyteYEFU68cPrjdKM1XLPTxlGmzczpgWvF1d8Yp7AudBnt3CPar1JFWjoLAUv3G-tSNljixIIGUsC62cbjKiAk.ttf]
[www.youtube.com/intl/ALL_es/ads/resources/index.html]
[www.youtube.com/intl/ALL_es/ads/resources/measurement-tools/index.html]
[www.youtube.com/intl/ALL_es/ads/resources/creative-resources/index.html]
[fonts.gstatic.com/s/googlesymbols/v291/HhzMU5Ak9u-oMExPeInvcuEmPosC9zyteYEFU68cPrjdKM1XLPTxlGmzczpgWvF1d8Yp7AudBnt3CPar1JFWjoLAUv3G2tSNljixIIGUsC62cbjKiAk.ttf]
[www.youtube.com/intl/ALL_es/ads/resources/best-practices/index.html]
[www.youtube.com/intl/ALL_es/ads/faqs/index.html]
[www.youtube.com/intl/ALL_es/ads/resources/success-stories/index.html]
[fonts.gstatic.com/s/googlesymbols/v291/HhzMU5Ak9u-oMExPeInvcuEmPosC9zyteYEFU68cPrjdKM1XLPTxlGmzczpgWvF1d8Yp7AudBnt3CPar1JFWjoLAUv3GKteNljixIIGUsC62cbjKiAk.ttf]
[www.youtube.com/intl/ALL_hk/ads/how-it-works/index.html]
[www.youtube.com/intl/ALL_hk/ads/youtube-for-small-business/index.html]
[www.youtube.com/intl/ALL_hk/ads/how-it-works/set-up-a-campaign/index.html]
[www.youtube.com/intl/ALL_hk/ads/how-it-works/set-up-a-campaign/audience/index.html]
[www.youtube.com/intl/ALL_hk/ads/how-it-works/create-a-video-ad/index.html]
[fonts.gstatic.com/s/googlesymbols/v291/HhzMU5Ak9u-oMExPeInvcuEmPosC9zyteYEFU68cPrjdKM1XLPTxlGmzczpgWvF1d8Yp7AudBnt3CPar1JFWjoLAUv3GeteNljixIIGUsC62cbjKiAk.ttf]
[www.youtube.com/intl/ALL_hk/ads/how-it-works/set-up-a-campaign/budget/index.html]
[www.youtube.com/intl/ALL_hk/ads/how-it-works/measure-your-results/index.html]
[www.youtube.com/intl/ALL_hk/ads/news-and-inspiration/index.html]
[www.youtube.com/intl/ALL_hk/ads/resources/creative-resources/index.html]
[www.youtube.com/intl/ALL_hk/ads/resources/measurement-tools/index.html]
[fonts.gstatic.com/s/googlesymbols/v291/HhzMU5Ak9u-oMExPeInvcuEmPosC9zyteYEFU68cvofdKM1XLPTxlGmzczpgWvF1d8Yp7AudBnt3CPar1JFWjoLAUv3G-tSNljixIIGUsC62cbjKiAk.ttf]
[www.youtube.com/intl/ALL_hk/ads/resources/best-practices/index.html]
[fonts.gstatic.com/s/googlesymbols/v291/HhzMU5Ak9u-oMExPeInvcuEmPosC9zyteYEFU68cvofdKM1XLPTxlGmzczpgWvF1d8Yp7AudBnt3CPar1JFWjoLAUv3G2tSNljixIIGUsC62cbjKiAk.ttf]
[www.youtube.com/intl/ALL_hk/ads/resources/success-stories/index.html]
[www.youtube.com/intl/ALL_hk/ads/faqs/index.html]
[fonts.gstatic.com/s/googlesymbols/v291/HhzMU5Ak9u-oMExPeInvcuEmPosC9zyteYEFU68cvofdKM1XLPTxlGmzczpgWvF1d8Yp7AudBnt3CPar1JFWjoLAUv3GKteNljixIIGUsC62cbjKiAk.ttf]
[www.youtube.com/intl/en_hk/ads/how-it-works/index.html]
[fonts.gstatic.com/s/googlesymbols/v291/HhzMU5Ak9u-oMExPeInvcuEmPosC9zyteYEFU68cvofdKM1XLPTxlGmzczpgWvF1d8Yp7AudBnt3CPar1JFWjoLAUv3GeteNljixIIGUsC62cbjKiAk.ttf]
[www.youtube.com/intl/en_hk/ads/youtube-for-small-business/index.html]
[fonts.gstatic.com/s/googlesymbols/v291/HhzMU5Ak9u-oMExPeInvcuEmPosC9zyteYEFU68cPrjdKM1XLPTxlGmzczpgWvF1d8Yp7AudBnt3CPar1JFWjoLAUv3GmtSNljixIIGUsC62cVTNiAk.ttf]
[www.youtube.com/intl/en_hk/ads/how-it-works/create-a-video-ad/index.html]
[www.youtube.com/intl/en_hk/ads/how-it-works/set-up-a-campaign/index.html]
[www.youtube.com/intl/en_hk/ads/how-it-works/set-up-a-campaign/audience/index.html]
[www.youtube.com/intl/en_hk/ads/how-it-works/set-up-a-campaign/budget/index.html]
[www.youtube.com/intl/en_hk/ads/how-it-works/measure-your-results/index.html]
[www.youtube.com/intl/en_hk/ads/news-and-inspiration/index.html]
[fonts.gstatic.com/s/googlesymbols/v291/HhzMU5Ak9u-oMExPeInvcuEmPosC9zyteYEFU68cPrjdKM1XLPTxlGmzczpgWvF1d8Yp7AudBnt3CPar1JFWjoLAUv3G-tSNljixIIGUsC62cVTNiAk.ttf]
[www.youtube.com/intl/en_hk/ads/resources/index.html]
[www.youtube.com/intl/en_hk/ads/resources/measurement-tools/index.html]
[www.youtube.com/intl/en_hk/ads/resources/creative-resources/index.html]
[fonts.gstatic.com/s/googlesymbols/v291/HhzMU5Ak9u-oMExPeInvcuEmPosC9zyteYEFU68cPrjdKM1XLPTxlGmzczpgWvF1d8Yp7AudBnt3CPar1JFWjoLAUv3G2tSNljixIIGUsC62cVTNiAk.ttf]
[www.youtube.com/intl/en_hk/ads/resources/best-practices/index.html]
[www.youtube.com/intl/en_hk/ads/faqs/index.html]
[www.youtube.com/intl/en_hk/ads/resources/success-stories/index.html]
[www.youtube.com/intl/ALL_il/ads/how-it-works/index.html]
[fonts.gstatic.com/s/googlesymbols/v291/HhzMU5Ak9u-oMExPeInvcuEmPosC9zyteYEFU68cPrjdKM1XLPTxlGmzczpgWvF1d8Yp7AudBnt3CPar1JFWjoLAUv3GKteNljixIIGUsC62cVTNiAk.ttf]
[www.youtube.com/intl/ALL_il/ads/how-it-works/create-a-video-ad/index.html]
[www.youtube.com/intl/ALL_il/ads/how-it-works/set-up-a-campaign/index.html]
[www.youtube.com/intl/ALL_il/ads/youtube-for-small-business/index.html]
[fonts.gstatic.com/s/googlesymbols/v291/HhzMU5Ak9u-oMExPeInvcuEmPosC9zyteYEFU68cPrjdKM1XLPTxlGmzczpgWvF1d8Yp7AudBnt3CPar1JFWjoLAUv3GeteNljixIIGUsC62cVTNiAk.ttf]
[www.youtube.com/intl/ALL_il/ads/how-it-works/set-up-a-campaign/audience/index.html]
[www.youtube.com/intl/ALL_il/ads/how-it-works/set-up-a-campaign/budget/index.html]
[www.youtube.com/intl/ALL_il/ads/how-it-works/measure-your-results/index.html]
[fonts.gstatic.com/s/googlesymbols/v291/HhzMU5Ak9u-oMExPeInvcuEmPosC9zyteYEFU68cvofdKM1XLPTxlGmzczpgWvF1d8Yp7AudBnt3CPar1JFWjoLAUv3GmtSNljixIIGUsC62cVTNiAk.ttf]
[www.youtube.com/intl/ALL_il/ads/news-and-inspiration/index.html]
[www.youtube.com/intl/ALL_il/ads/resources/index.html]
[www.youtube.com/intl/ALL_il/ads/resources/creative-resources/index.html]
[www.youtube.com/intl/ALL_il/ads/resources/measurement-tools/index.html]
[fonts.gstatic.com/s/googlesymbols/v291/HhzMU5Ak9u-oMExPeInvcuEmPosC9zyteYEFU68cvofdKM1XLPTxlGmzczpgWvF1d8Yp7AudBnt3CPar1JFWjoLAUv3G-tSNljixIIGUsC62cVTNiAk.ttf]
[www.youtube.com/intl/ALL_il/ads/resources/best-practices/index.html]
[www.youtube.com/intl/ALL_il/ads/resources/success-stories/index.html]
[www.youtube.com/intl/ALL_il/ads/faqs/index.html]
[fonts.gstatic.com/s/googlesymbols/v291/HhzMU5Ak9u-oMExPeInvcuEmPosC9zyteYEFU68cvofdKM1XLPTxlGmzczpgWvF1d8Yp7AudBnt3CPar1JFWjoLAUv3G2tSNljixIIGUsC62cVTNiAk.ttf]
[www.youtube.com/intl/en_il/ads/youtube-for-small-business/index.html]
[www.youtube.com/intl/en_il/ads/how-it-works/index.html]
[www.youtube.com/intl/en_il/ads/how-it-works/create-a-video-ad/index.html]
[www.youtube.com/intl/en_il/ads/how-it-works/set-up-a-campaign/budget/index.html]
[www.youtube.com/intl/en_il/ads/how-it-works/set-up-a-campaign/index.html]
[www.youtube.com/intl/en_il/ads/how-it-works/set-up-a-campaign/audience/index.html]
[fonts.gstatic.com/s/googlesymbols/v291/HhzMU5Ak9u-oMExPeInvcuEmPosC9zyteYEFU68cvofdKM1XLPTxlGmzczpgWvF1d8Yp7AudBnt3CPar1JFWjoLAUv3GKteNljixIIGUsC62cVTNiAk.ttf]
[www.youtube.com/intl/en_il/ads/resources/index.html]
[www.youtube.com/intl/en_il/ads/news-and-inspiration/index.html]
[www.youtube.com/intl/en_il/ads/how-it-works/measure-your-results/index.html]
[fonts.gstatic.com/s/googlesymbols/v291/HhzMU5Ak9u-oMExPeInvcuEmPosC9zyteYEFU68cvofdKM1XLPTxlGmzczpgWvF1d8Yp7AudBnt3CPar1JFWjoLAUv3GeteNljixIIGUsC62cVTNiAk.ttf]
[www.youtube.com/intl/en_il/ads/resources/creative-resources/index.html]
[www.youtube.com/intl/en_il/ads/resources/measurement-tools/index.html]
[www.youtube.com/intl/en_il/ads/resources/best-practices/index.html]
[fonts.gstatic.com/s/googlesymbols/v291/HhzMU5Ak9u-oMExPeInvcuEmPosC9zyteYEFU68cPrjdKM1XLPTxlGmzczpgWvF1d8Yp7AudBnt3CPar1JFWjoLAUv3GmtSNljixIIGUsC62cW3NiAk.ttf]
[www.youtube.com/intl/en_il/ads/resources/success-stories/index.html]
[www.youtube.com/intl/en_il/ads/faqs/index.html]
[www.youtube.com/intl/ALL_it/ads/how-it-works/index.html]
[www.youtube.com/intl/ALL_it/ads/youtube-for-small-business/index.html]
[www.youtube.com/intl/ALL_it/ads/how-it-works/create-a-video-ad/index.html]
[fonts.gstatic.com/s/googlesymbols/v291/HhzMU5Ak9u-oMExPeInvcuEmPosC9zyteYEFU68cPrjdKM1XLPTxlGmzczpgWvF1d8Yp7AudBnt3CPar1JFWjoLAUv3G-tSNljixIIGUsC62cW3NiAk.ttf]
[www.youtube.com/intl/ALL_it/ads/how-it-works/set-up-a-campaign/index.html]
[www.youtube.com/intl/ALL_it/ads/how-it-works/set-up-a-campaign/audience/index.html]
[www.youtube.com/intl/ALL_it/ads/how-it-works/set-up-a-campaign/budget/index.html]
[fonts.gstatic.com/s/googlesymbols/v291/HhzMU5Ak9u-oMExPeInvcuEmPosC9zyteYEFU68cPrjdKM1XLPTxlGmzczpgWvF1d8Yp7AudBnt3CPar1JFWjoLAUv3G2tSNljixIIGUsC62cW3NiAk.ttf]
[www.youtube.com/intl/ALL_it/ads/how-it-works/measure-your-results/index.html]
[www.youtube.com/intl/ALL_it/ads/news-and-inspiration/index.html]
[www.youtube.com/intl/ALL_it/ads/resources/index.html]
[fonts.gstatic.com/s/googlesymbols/v291/HhzMU5Ak9u-oMExPeInvcuEmPosC9zyteYEFU68cPrjdKM1XLPTxlGmzczpgWvF1d8Yp7AudBnt3CPar1JFWjoLAUv3GKteNljixIIGUsC62cW3NiAk.ttf]
[www.youtube.com/intl/ALL_it/ads/resources/measurement-tools/index.html]
[www.youtube.com/intl/ALL_it/ads/resources/creative-resources/index.html]
[www.youtube.com/intl/ALL_it/ads/resources/best-practices/index.html]
[www.youtube.com/intl/ALL_it/ads/faqs/index.html]
[www.youtube.com/intl/ALL_mx/ads/youtube-for-small-business/index.html]
[www.youtube.com/intl/ALL_it/ads/resources/success-stories/index.html]
[fonts.gstatic.com/s/googlesymbols/v291/HhzMU5Ak9u-oMExPeInvcuEmPosC9zyteYEFU68cPrjdKM1XLPTxlGmzczpgWvF1d8Yp7AudBnt3CPar1JFWjoLAUv3GeteNljixIIGUsC62cW3NiAk.ttf]
[www.youtube.com/intl/ALL_mx/ads/how-it-works/set-up-a-campaign/index.html]
[www.youtube.com/intl/ALL_mx/ads/how-it-works/set-up-a-campaign/audience/index.html]
[www.youtube.com/intl/ALL_mx/ads/how-it-works/create-a-video-ad/index.html]
[fonts.gstatic.com/s/googlesymbols/v291/HhzMU5Ak9u-oMExPeInvcuEmPosC9zyteYEFU68cvofdKM1XLPTxlGmzczpgWvF1d8Yp7AudBnt3CPar1JFWjoLAUv3GmtSNljixIIGUsC62cW3NiAk.ttf]
[www.youtube.com/intl/ALL_mx/ads/how-it-works/set-up-a-campaign/budget/index.html]
[www.youtube.com/intl/ALL_mx/ads/how-it-works/measure-your-results/index.html]
[www.youtube.com/intl/ALL_mx/ads/news-and-inspiration/index.html]
[www.youtube.com/intl/ALL_mx/ads/resources/creative-resources/index.html]
[www.youtube.com/intl/ALL_mx/ads/resources/measurement-tools/index.html]
[www.youtube.com/intl/ALL_mx/ads/resources/index.html]
[fonts.gstatic.com/s/googlesymbols/v291/HhzMU5Ak9u-oMExPeInvcuEmPosC9zyteYEFU68cvofdKM1XLPTxlGmzczpgWvF1d8Yp7AudBnt3CPar1JFWjoLAUv3G-tSNljixIIGUsC62cW3NiAk.ttf]
[www.youtube.com/intl/ALL_mx/ads/faqs/index.html]
[www.youtube.com/intl/ALL_mx/ads/resources/success-stories/index.html]
[www.youtube.com/intl/ALL_mx/ads/resources/best-practices/index.html]
[fonts.gstatic.com/s/googlesymbols/v291/HhzMU5Ak9u-oMExPeInvcuEmPosC9zyteYEFU68cvofdKM1XLPTxlGmzczpgWvF1d8Yp7AudBnt3CPar1JFWjoLAUv3G2tSNljixIIGUsC62cW3NiAk.ttf]
[www.youtube.com/intl/ALL_pl/ads/how-it-works/index.html]
[www.youtube.com/intl/ALL_pl/ads/youtube-for-small-business/index.html]
[www.youtube.com/intl/ALL_pl/ads/how-it-works/create-a-video-ad/index.html]
[www.youtube.com/intl/ALL_pl/ads/how-it-works/set-up-a-campaign/audience/index.html]
[www.youtube.com/intl/ALL_pl/ads/how-it-works/set-up-a-campaign/index.html]
[fonts.gstatic.com/s/googlesymbols/v291/HhzMU5Ak9u-oMExPeInvcuEmPosC9zyteYEFU68cvofdKM1XLPTxlGmzczpgWvF1d8Yp7AudBnt3CPar1JFWjoLAUv3GKteNljixIIGUsC62cW3NiAk.ttf]
[www.youtube.com/intl/ALL_pl/ads/how-it-works/set-up-a-campaign/budget/index.html]
[fonts.googleapis.com/css29ce0.css]
[www.youtube.com/intl/ALL_pl/ads/news-and-inspiration/index.html]
[www.youtube.com/ads/static/compiled/index.minba05.css]
[www.youtube.com/intl/ALL_pl/ads/how-it-works/measure-your-results/index.html]
[www.youtube.com/ads/how-it-works/index.html]
[www.youtube.com/intl/ALL_pl/ads/resources/index.html]
[www.youtube.com/intl/ALL_pl/ads/resources/measurement-tools/index.html]
[www.youtube.com/intl/ALL_pl/ads/resources/creative-resources/index.html]
[fonts.gstatic.com/s/googlesymbols/v291/HhzMU5Ak9u-oMExPeInvcuEmPosC9zyteYEFU68cvofdKM1XLPTxlGmzczpgWvF1d8Yp7AudBnt3CPar1JFWjoLAUv3GeteNljixIIGUsC62cW3NiAk.ttf]
[www.youtube.com/ads/youtube-for-small-business/index.html]
[www.youtube.com/intl/ALL_pl/ads/faqs/index.html]
[www.youtube.com/intl/ALL_pl/ads/resources/best-practices/index.html]
[www.youtube.com/ads/how-it-works/create-a-video-ad/index.html]
[www.youtube.com/intl/ALL_tr/ads/how-it-works/index.html]
[www.youtube.com/ads/how-it-works/set-up-a-campaign/index.html]
[www.youtube.com/intl/ALL_pl/ads/resources/success-stories/index.html]
[www.youtube.com/ads/how-it-works/set-up-a-campaign/audience/index.html]
[www.youtube.com/intl/ALL_tr/ads/youtube-for-small-business/index.html]
[www.youtube.com/ads/how-it-works/set-up-a-campaign/budget/index.html]
[www.youtube.com/intl/ALL_tr/ads/how-it-works/create-a-video-ad/index.html]
[www.youtube.com/ads/how-it-works/measure-your-results/index.html]
[www.youtube.com/intl/ALL_tr/ads/how-it-works/set-up-a-campaign/audience/index.html]
[www.youtube.com/ads/news-and-inspiration/index.html]
[www.youtube.com/intl/ALL_tr/ads/how-it-works/set-up-a-campaign/index.html]
[www.youtube.com/ads/resources/index.html]
[www.youtube.com/intl/ALL_tr/ads/how-it-works/set-up-a-campaign/budget/index.html]
[www.youtube.com/ads/resources/creative-resources/index.html]
[www.youtube.com/intl/ALL_tr/ads/how-it-works/measure-your-results/index.html]
[www.youtube.com/ads/resources/measurement-tools/index.html]
[www.youtube.com/intl/ALL_tr/ads/news-and-inspiration/index.html]
[www.youtube.com/ads/resources/best-practices/index.html]
[www.youtube.com/intl/ALL_tr/ads/resources/index.html]
[www.youtube.com/ads/resources/success-stories/index.html]
[www.youtube.com/intl/ALL_tr/ads/resources/creative-resources/index.html]
[www.youtube.com/intl/ALL_tr/ads/resources/creator-promotions/index.html]
[www.youtube.com/intl/ALL_tr/ads/resources/measurement-tools/index.html]
[www.youtube.com/intl/ALL_tr/ads/resources/best-practices/index.html]
[www.youtube.com/ads/static/images/icon-camera.svg]
[www.youtube.com/ads/faqs/index.html]
[www.youtube.com/intl/ALL_tr/ads/faqs/index.html]
[www.youtube.com/howyoutubeworks/index.html]
[www.youtube.com/intl/ALL_tr/ads/resources/success-stories/index.html]
[www.youtube.com/intl/ALL_tw/ads/youtube-for-small-business/index.html]
[www.youtube.com/intl/ALL_tw/ads/how-it-works/index.html]
[www.youtube.com/intl/ALL_tw/ads/how-it-works/create-a-video-ad/index.html]
[www.youtube.com/intl/ALL_tw/ads/how-it-works/set-up-a-campaign/index.html]
[www.youtube.com/intl/ALL_tw/ads/how-it-works/set-up-a-campaign/audience/index.html]
[www.youtube.com/intl/ALL_tw/ads/how-it-works/set-up-a-campaign/budget/index.html]
[www.youtube.com/intl/ALL_tw/ads/how-it-works/measure-your-results/index.html]
[www.youtube.com/iframe_api]
[www.youtube.com/intl/ALL_tw/ads/resources/index.html]
[www.youtube.com/intl/ALL_tw/ads/resources/creative-resources/index.html]
[www.youtube.com/intl/ALL_tw/ads/news-and-inspiration/index.html]
[www.youtube.com/trends/static/compiled/index.min2513.js]
[www.youtube.com/intl/ALL_tw/ads/resources/measurement-tools/index.html]
[www.youtube.com/trends/index.html]
[www.youtube.com/intl/ALL_tw/ads/resources/success-stories/index.html]
[www.youtube.com/intl/ALL_tw/ads/resources/best-practices/index.html]
[www.youtube.com/intl/ALL_tw/ads/faqs/index.html]
[www.youtube.com/intl/ALL_uk/ads/youtube-for-small-business/index.html]
[www.youtube.com/intl/ALL_uk/ads/how-it-works/create-a-video-ad/index.html]
[www.youtube.com/intl/ALL_uk/ads/how-it-works/index.html]
[www.youtube.com/intl/ALL_uk/ads/how-it-works/set-up-a-campaign/budget/index.html]
[www.youtube.com/intl/ALL_uk/ads/how-it-works/set-up-a-campaign/index.html]
[www.youtube.com/intl/ALL_uk/ads/how-it-works/set-up-a-campaign/audience/index.html]
[www.youtube.com/intl/ALL_uk/ads/how-it-works/measure-your-results/index.html]
[www.youtube.com/kids/index.html]
[www.youtube.com/t/terms28d4.html]
[www.youtube.com/intl/ALL_uk/ads/resources/index.html]
[www.youtube.com/intl/ALL_uk/ads/resources/measurement-tools/index.html]
[www.youtube.com/musicpremium.html]
[www.youtube.com/intl/ALL_uk/ads/news-and-inspiration/index.html]
[www.youtube.com/intl/ALL_uk/ads/resources/creative-resources/index.html]
[www.youtube.com/intl/ALL_uk/ads/resources/creator-promotions/index.html]
[www.youtube.com/intl/ALL_uk/ads/resources/best-practices/index.html]
[www.youtube.com/feeds/videos3f6a.xml]
[www.youtube.com/intl/ALL_uk/ads/resources/success-stories/index.html]
[www.youtube.com/intl/ALL_uk/ads/faqs/index.html]
[www.youtube.com/intl/ALL_ar/ads/how-it-works/index.html]
[www.youtube.com/intl/ALL_ar/ads/youtube-for-small-business/index.html]
[www.youtube.com/intl/ALL_ar/ads/how-it-works/create-a-video-ad/index.html]
[www.youtube.com/intl/ALL_ar/ads/how-it-works/set-up-a-campaign/index.html]
[www.youtube.com/channel/android-app_/com.google.android.youtube/http/www.youtube.com/channel/UCqVDpXKLmKeBU_yyt_QkItQ.1e9.delayed]
[www.youtube.com/intl/ALL_ar/ads/how-it-works/set-up-a-campaign/budget/index.html]
[www.youtube.com/intl/ALL_ar/ads/how-it-works/set-up-a-campaign/audience/index.html]
[www.youtube.com/intl/ALL_ar/ads/how-it-works/measure-your-results/index.html]
[www.youtube.com/intl/ALL_ar/ads/news-and-inspiration/index.html]
[www.youtube.com/intl/ALL_ar/ads/resources/creative-resources/index.html]
[www.youtube.com/intl/ALL_ar/ads/resources/index.html]
[www.youtube.com/intl/ALL_ar/ads/resources/measurement-tools/index.html]
[www.youtube.com/channel/ios-app_/544007664/vnd.youtube/www.youtube.com/channel/UCqVDpXKLmKeBU_yyt_QkItQ.1eb.delayed]
[www.youtube.com/intl/ALL_ar/ads/resources/best-practices/index.html]
[www.youtube.com/intl/ALL_ar/ads/faqs/index.html]
[www.youtube.com/channel/UCqVDpXKLmKeBU_yyt_QkItQ.html]
[www.youtube.com/intl/ALL_ar/ads/resources/success-stories/index.html]
[www.youtube.com/intl/ALL_co/ads/youtube-for-small-business/index.html]
[www.youtube.com/intl/ALL_co/ads/how-it-works/index.html]
[www.youtube.com/intl/ALL_co/ads/how-it-works/create-a-video-ad/index.html]
[www.youtube.com/intl/ALL_co/ads/how-it-works/set-up-a-campaign/budget/index.html]
[www.youtube.com/intl/ALL_co/ads/how-it-works/set-up-a-campaign/audience/index.html]
[www.youtube.com/intl/ALL_co/ads/how-it-works/set-up-a-campaign/index.html]
[www.youtube.com/c/BaileySarian.html]
[www.youtube.com/intl/ALL_co/ads/resources/index.html]
[www.youtube.com/creators/podcasts/index.html]
[www.youtube.com/intl/ALL_co/ads/how-it-works/measure-your-results/index.html]
[www.youtube.com/intl/ALL_co/ads/news-and-inspiration/index.html]
[www.youtube.com/podcasts.html]
[www.youtube.com/intl/ALL_co/ads/resources/creative-resources/index.html]
[www.youtube.com/intl/ALL_co/ads/resources/measurement-tools/index.html]
[www.youtube.com/intl/ALL_co/ads/resources/success-stories/index.html]
[www.youtube.com/intl/ALL_co/ads/resources/best-practices/index.html]
[www.youtube.com/premium/index.html]
[www.youtube.com/intl/ALL_co/ads/faqs/index.html]
[www.youtube.com/intl/ALL_cl/ads/how-it-works/index.html]
[www.youtube.com/intl/ALL_cl/ads/youtube-for-small-business/index.html]
[www.youtube.com/premium.html]
[www.youtube.com/intl/ALL_cl/ads/how-it-works/create-a-video-ad/index.html]
[www.youtube.com/intl/ALL_cl/ads/how-it-works/set-up-a-campaign/index.html]
[www.youtube.com/intl/ALL_cl/ads/how-it-works/set-up-a-campaign/audience/index.html]
[www.youtube.com/intl/ALL_cl/ads/how-it-works/set-up-a-campaign/budget/index.html]
[www.youtube.com/intl/ALL_cl/ads/news-and-inspiration/index.html]
[www.youtube.com/intl/ALL_cl/ads/how-it-works/measure-your-results/index.html]
[www.youtube.com/youtubeoriginals.html]
[www.youtube.com/intl/ALL_cl/ads/resources/index.html]
[www.youtube.com/intl/ALL_cl/ads/resources/measurement-tools/index.html]
[www.youtube.com/intl/ALL_cl/ads/resources/creative-resources/index.html]
[www.youtube.com/playliste311.html]
[www.youtube.com/intl/ALL_cl/ads/resources/best-practices/index.html]
[www.youtube.com/intl/ALL_cl/ads/resources/success-stories/index.html]
[www.youtube.com/intl/ALL_cl/ads/faqs/index.html]
[www.youtube.com/intl/ALL_pe/ads/how-it-works/index.html]
[www.youtube.com/playlistd317.html]
[www.youtube.com/intl/ALL_pe/ads/youtube-for-small-business/index.html]
[www.youtube.com/intl/ALL_pe/ads/how-it-works/set-up-a-campaign/index.html]
[www.youtube.com/intl/ALL_pe/ads/how-it-works/create-a-video-ad/index.html]
[www.youtube.com/playlist157b.html]
[www.youtube.com/intl/ALL_pe/ads/how-it-works/set-up-a-campaign/budget/index.html]
[www.youtube.com/intl/ALL_pe/ads/how-it-works/set-up-a-campaign/audience/index.html]
[www.youtube.com/intl/ALL_pe/ads/how-it-works/measure-your-results/index.html]
[www.youtube.com/playlistee28.html]
[www.youtube.com/intl/ALL_pe/ads/resources/creative-resources/index.html]
[www.youtube.com/intl/ALL_pe/ads/resources/index.html]
[www.youtube.com/intl/ALL_pe/ads/news-and-inspiration/index.html]
[www.youtube.com/playlistf0b0.html]
[www.youtube.com/intl/ALL_pe/ads/resources/measurement-tools/index.html]
[www.youtube.com/intl/ALL_pe/ads/resources/success-stories/index.html]
[www.youtube.com/intl/ALL_pe/ads/resources/best-practices/index.html]
[www.youtube.com/playlist04e4.html]
[www.youtube.com/intl/ALL_pe/ads/faqs/index.html]
[www.youtube.com/intl/ALL_nl/ads/youtube-for-small-business/index.html]
[www.youtube.com/intl/ALL_nl/ads/how-it-works/index.html]
[www.youtube.com/playlistaf73.html]
[www.youtube.com/intl/ALL_nl/ads/how-it-works/set-up-a-campaign/audience/index.html]
[www.youtube.com/intl/ALL_nl/ads/how-it-works/create-a-video-ad/index.html]
[www.youtube.com/intl/ALL_nl/ads/how-it-works/set-up-a-campaign/index.html]
[www.youtube.com/playlist5cf8.html]
[www.youtube.com/intl/ALL_nl/ads/how-it-works/measure-your-results/index.html]
[www.youtube.com/ads/how-it-works/set-up-a-campaign/youtube-select/index.html]
[www.youtube.com/intl/ALL_nl/ads/how-it-works/set-up-a-campaign/budget/index.html]
[www.youtube.com/yt/family/index.html]
[www.youtube.com/intl/ALL_nl/ads/news-and-inspiration/index.html]
[www.youtube.com/creatorresearch/index.html]
[www.youtube.com/intl/ALL_nl/ads/resources/creative-resources/index.html]
[www.youtube.com/nextup/index.html]
[www.youtube.com/intl/ALL_nl/ads/resources/index.html]
[www.youtube.com/creators-for-change/index.html]
[www.youtube.com/intl/ALL_nl/ads/resources/measurement-tools/index.html]
[www.youtube.com/csai-match/index.html]
[www.youtube.com/intl/ALL_nl/ads/faqs/index.html]
[www.youtube.com/about/brand-resources/index.html]
[www.youtube.com/intl/ALL_nl/ads/resources/best-practices/index.html]
